Arguments: 
  E:\node\node.exe C:\Program Files (x86)\Yarn\bin\yarn.js add parcel-bundler

PATH: 
  C:\Windows\system32;C:\Windows;C:\Windows\System32\Wbem;C:\Windows\System32\WindowsPowerShell\v1.0\;C:\Windows\System32\OpenSSH\;C:\Program Files\Git\cmd;C:\Program Files (x86)\Yarn\bin\;E:\node\;C:\Users\yzz\AppData\Local\Microsoft\WindowsApps;;C:\vscode\Microsoft VS Code\bin;C:\Users\yzz\AppData\Local\Yarn\bin;C:\Users\yzz\AppData\Roaming\npm

Yarn version: 
  1.12.3

Node version: 
  10.14.2

Platform: 
  win32 x64

Trace: 
  Error: EPERM: operation not permitted, scandir 'G:\parcel-react\node_modules\@types'

npm manifest: 
  {
    "name": "parcel-react",
    "version": "1.0.0",
    "main": "index.js",
    "license": "MIT",
    "dependencies": {
      "@babel/preset-env": "^7.3.1",
      "antd": "^3.13.4",
      "path": "^0.12.7",
      "react": "^16.8.2",
      "react-dom": "^16.8.2"
    },
    "scripts": {
      "start": "node config",
      "build": "cross-env NODE_ENV=production node config.js",
      "build-mac": "export NODE_ENV=production&& node config.js",
      "build-win": "set NODE_ENV=production&& node config.js"
    },
    "devDependencies": {
      "@babel/core": "^7.3.3",
      "babel-plugin-import": "^1.11.0"
    }
  }

yarn manifest: 
  No manifest

Lockfile: 
  # THIS IS AN AUTOGENERATED FILE. DO NOT EDIT THIS FILE DIRECTLY.
  # yarn lockfile v1
  
  
  "@ant-design/icons-react@~1.1.2":
    version "1.1.2"
    resolved "https://registry.yarnpkg.com/@ant-design/icons-react/-/icons-react-1.1.2.tgz#df25c4560864f8a3b687b305c3238daff048ed72"
    integrity sha512-7Fgt9d8ABgxrhZxsFjHk/VpPcxodQJJhbJO8Lsh7u58pGN4NoxxW++92naeGTXCyqZsbDPBReP+SC0bdBtbsGQ==
    dependencies:
      ant-design-palettes "^1.1.3"
      babel-runtime "^6.26.0"
  
  "@ant-design/icons@~1.1.16":
    version "1.1.16"
    resolved "https://registry.yarnpkg.com/@ant-design/icons/-/icons-1.1.16.tgz#ac6426216934e3f4bc108f2f48f92ed66789235e"
    integrity sha512-0zNVP5JYBJkfMi9HotN6QBQjF3SFmUlumJNJXZIH+pZWp/5EbrCczzlG3YTmBWoyRHAsuOGIjSFIy8v/76DTPg==
  
  "@babel/code-frame@^7.0.0":
    version "7.0.0"
    resolved "https://registry.yarnpkg.com/@babel/code-frame/-/code-frame-7.0.0.tgz#06e2ab19bdb535385559aabb5ba59729482800f8"
    integrity sha512-OfC2uemaknXr87bdLUkWog7nYuliM9Ij5HUcajsVcMCpQrcLmtxRbVFTIqmcSkSeYRBFBRxs2FiUqFJDLdiebA==
    dependencies:
      "@babel/highlight" "^7.0.0"
  
  "@babel/core@^7.3.3":
    version "7.3.3"
    resolved "https://registry.yarnpkg.com/@babel/core/-/core-7.3.3.tgz#d090d157b7c5060d05a05acaebc048bd2b037947"
    integrity sha512-w445QGI2qd0E0GlSnq6huRZWPMmQGCp5gd5ZWS4hagn0EiwzxD5QMFkpchyusAyVC1n27OKXzQ0/88aVU9n4xQ==
    dependencies:
      "@babel/code-frame" "^7.0.0"
      "@babel/generator" "^7.3.3"
      "@babel/helpers" "^7.2.0"
      "@babel/parser" "^7.3.3"
      "@babel/template" "^7.2.2"
      "@babel/traverse" "^7.2.2"
      "@babel/types" "^7.3.3"
      convert-source-map "^1.1.0"
      debug "^4.1.0"
      json5 "^2.1.0"
      lodash "^4.17.11"
      resolve "^1.3.2"
      semver "^5.4.1"
      source-map "^0.5.0"
  
  "@babel/generator@^7.2.2", "@babel/generator@^7.3.3":
    version "7.3.3"
    resolved "https://registry.yarnpkg.com/@babel/generator/-/generator-7.3.3.tgz#185962ade59a52e00ca2bdfcfd1d58e528d4e39e"
    integrity sha512-aEADYwRRZjJyMnKN7llGIlircxTCofm3dtV5pmY6ob18MSIuipHpA2yZWkPlycwu5HJcx/pADS3zssd8eY7/6A==
    dependencies:
      "@babel/types" "^7.3.3"
      jsesc "^2.5.1"
      lodash "^4.17.11"
      source-map "^0.5.0"
      trim-right "^1.0.1"
  
  "@babel/helper-annotate-as-pure@^7.0.0":
    version "7.0.0"
    resolved "https://registry.yarnpkg.com/@babel/helper-annotate-as-pure/-/helper-annotate-as-pure-7.0.0.tgz#323d39dd0b50e10c7c06ca7d7638e6864d8c5c32"
    integrity sha512-3UYcJUj9kvSLbLbUIfQTqzcy5VX7GRZ/CCDrnOaZorFFM01aXp1+GJwuFGV4NDDoAS+mOUyHcO6UD/RfqOks3Q==
    dependencies:
      "@babel/types" "^7.0.0"
  
  "@babel/helper-builder-binary-assignment-operator-visitor@^7.1.0":
    version "7.1.0"
    resolved "https://registry.yarnpkg.com/@babel/helper-builder-binary-assignment-operator-visitor/-/helper-builder-binary-assignment-operator-visitor-7.1.0.tgz#6b69628dfe4087798e0c4ed98e3d4a6b2fbd2f5f"
    integrity sha512-qNSR4jrmJ8M1VMM9tibvyRAHXQs2PmaksQF7c1CGJNipfe3D8p+wgNwgso/P2A2r2mdgBWAXljNWR0QRZAMW8w==
    dependencies:
      "@babel/helper-explode-assignable-expression" "^7.1.0"
      "@babel/types" "^7.0.0"
  
  "@babel/helper-call-delegate@^7.1.0":
    version "7.1.0"
    resolved "https://registry.yarnpkg.com/@babel/helper-call-delegate/-/helper-call-delegate-7.1.0.tgz#6a957f105f37755e8645343d3038a22e1449cc4a"
    integrity sha512-YEtYZrw3GUK6emQHKthltKNZwszBcHK58Ygcis+gVUrF4/FmTVr5CCqQNSfmvg2y+YDEANyYoaLz/SHsnusCwQ==
    dependencies:
      "@babel/helper-hoist-variables" "^7.0.0"
      "@babel/traverse" "^7.1.0"
      "@babel/types" "^7.0.0"
  
  "@babel/helper-define-map@^7.1.0":
    version "7.1.0"
    resolved "https://registry.yarnpkg.com/@babel/helper-define-map/-/helper-define-map-7.1.0.tgz#3b74caec329b3c80c116290887c0dd9ae468c20c"
    integrity sha512-yPPcW8dc3gZLN+U1mhYV91QU3n5uTbx7DUdf8NnPbjS0RMwBuHi9Xt2MUgppmNz7CJxTBWsGczTiEp1CSOTPRg==
    dependencies:
      "@babel/helper-function-name" "^7.1.0"
      "@babel/types" "^7.0.0"
      lodash "^4.17.10"
  
  "@babel/helper-explode-assignable-expression@^7.1.0":
    version "7.1.0"
    resolved "https://registry.yarnpkg.com/@babel/helper-explode-assignable-expression/-/helper-explode-assignable-expression-7.1.0.tgz#537fa13f6f1674df745b0c00ec8fe4e99681c8f6"
    integrity sha512-NRQpfHrJ1msCHtKjbzs9YcMmJZOg6mQMmGRB+hbamEdG5PNpaSm95275VD92DvJKuyl0s2sFiDmMZ+EnnvufqA==
    dependencies:
      "@babel/traverse" "^7.1.0"
      "@babel/types" "^7.0.0"
  
  "@babel/helper-function-name@^7.1.0":
    version "7.1.0"
    resolved "https://registry.yarnpkg.com/@babel/helper-function-name/-/helper-function-name-7.1.0.tgz#a0ceb01685f73355d4360c1247f582bfafc8ff53"
    integrity sha512-A95XEoCpb3TO+KZzJ4S/5uW5fNe26DjBGqf1o9ucyLyCmi1dXq/B3c8iaWTfBk3VvetUxl16e8tIrd5teOCfGw==
    dependencies:
      "@babel/helper-get-function-arity" "^7.0.0"
      "@babel/template" "^7.1.0"
      "@babel/types" "^7.0.0"
  
  "@babel/helper-get-function-arity@^7.0.0":
    version "7.0.0"
    resolved "https://registry.yarnpkg.com/@babel/helper-get-function-arity/-/helper-get-function-arity-7.0.0.tgz#83572d4320e2a4657263734113c42868b64e49c3"
    integrity sha512-r2DbJeg4svYvt3HOS74U4eWKsUAMRH01Z1ds1zx8KNTPtpTL5JAsdFv8BNyOpVqdFhHkkRDIg5B4AsxmkjAlmQ==
    dependencies:
      "@babel/types" "^7.0.0"
  
  "@babel/helper-hoist-variables@^7.0.0":
    version "7.0.0"
    resolved "https://registry.yarnpkg.com/@babel/helper-hoist-variables/-/helper-hoist-variables-7.0.0.tgz#46adc4c5e758645ae7a45deb92bab0918c23bb88"
    integrity sha512-Ggv5sldXUeSKsuzLkddtyhyHe2YantsxWKNi7A+7LeD12ExRDWTRk29JCXpaHPAbMaIPZSil7n+lq78WY2VY7w==
    dependencies:
      "@babel/types" "^7.0.0"
  
  "@babel/helper-member-expression-to-functions@^7.0.0":
    version "7.0.0"
    resolved "https://registry.yarnpkg.com/@babel/helper-member-expression-to-functions/-/helper-member-expression-to-functions-7.0.0.tgz#8cd14b0a0df7ff00f009e7d7a436945f47c7a16f"
    integrity sha512-avo+lm/QmZlv27Zsi0xEor2fKcqWG56D5ae9dzklpIaY7cQMK5N8VSpaNVPPagiqmy7LrEjK1IWdGMOqPu5csg==
    dependencies:
      "@babel/types" "^7.0.0"
  
  "@babel/helper-module-imports@^7.0.0":
    version "7.0.0"
    resolved "https://registry.yarnpkg.com/@babel/helper-module-imports/-/helper-module-imports-7.0.0.tgz#96081b7111e486da4d2cd971ad1a4fe216cc2e3d"
    integrity sha512-aP/hlLq01DWNEiDg4Jn23i+CXxW/owM4WpDLFUbpjxe4NS3BhLVZQ5i7E0ZrxuQ/vwekIeciyamgB1UIYxxM6A==
    dependencies:
      "@babel/types" "^7.0.0"
  
  "@babel/helper-module-transforms@^7.1.0":
    version "7.2.2"
    resolved "https://registry.yarnpkg.com/@babel/helper-module-transforms/-/helper-module-transforms-7.2.2.tgz#ab2f8e8d231409f8370c883d20c335190284b963"
    integrity sha512-YRD7I6Wsv+IHuTPkAmAS4HhY0dkPobgLftHp0cRGZSdrRvmZY8rFvae/GVu3bD00qscuvK3WPHB3YdNpBXUqrA==
    dependencies:
      "@babel/helper-module-imports" "^7.0.0"
      "@babel/helper-simple-access" "^7.1.0"
      "@babel/helper-split-export-declaration" "^7.0.0"
      "@babel/template" "^7.2.2"
      "@babel/types" "^7.2.2"
      lodash "^4.17.10"
  
  "@babel/helper-optimise-call-expression@^7.0.0":
    version "7.0.0"
    resolved "https://registry.yarnpkg.com/@babel/helper-optimise-call-expression/-/helper-optimise-call-expression-7.0.0.tgz#a2920c5702b073c15de51106200aa8cad20497d5"
    integrity sha512-u8nd9NQePYNQV8iPWu/pLLYBqZBa4ZaY1YWRFMuxrid94wKI1QNt67NEZ7GAe5Kc/0LLScbim05xZFWkAdrj9g==
    dependencies:
      "@babel/types" "^7.0.0"
  
  "@babel/helper-plugin-utils@^7.0.0":
    version "7.0.0"
    resolved "https://registry.yarnpkg.com/@babel/helper-plugin-utils/-/helper-plugin-utils-7.0.0.tgz#bbb3fbee98661c569034237cc03967ba99b4f250"
    integrity sha512-CYAOUCARwExnEixLdB6sDm2dIJ/YgEAKDM1MOeMeZu9Ld/bDgVo8aiWrXwcY7OBh+1Ea2uUcVRcxKk0GJvW7QA==
  
  "@babel/helper-regex@^7.0.0":
    version "7.0.0"
    resolved "https://registry.yarnpkg.com/@babel/helper-regex/-/helper-regex-7.0.0.tgz#2c1718923b57f9bbe64705ffe5640ac64d9bdb27"
    integrity sha512-TR0/N0NDCcUIUEbqV6dCO+LptmmSQFQ7q70lfcEB4URsjD0E1HzicrwUH+ap6BAQ2jhCX9Q4UqZy4wilujWlkg==
    dependencies:
      lodash "^4.17.10"
  
  "@babel/helper-remap-async-to-generator@^7.1.0":
    version "7.1.0"
    resolved "https://registry.yarnpkg.com/@babel/helper-remap-async-to-generator/-/helper-remap-async-to-generator-7.1.0.tgz#361d80821b6f38da75bd3f0785ece20a88c5fe7f"
    integrity sha512-3fOK0L+Fdlg8S5al8u/hWE6vhufGSn0bN09xm2LXMy//REAF8kDCrYoOBKYmA8m5Nom+sV9LyLCwrFynA8/slg==
    dependencies:
      "@babel/helper-annotate-as-pure" "^7.0.0"
      "@babel/helper-wrap-function" "^7.1.0"
      "@babel/template" "^7.1.0"
      "@babel/traverse" "^7.1.0"
      "@babel/types" "^7.0.0"
  
  "@babel/helper-replace-supers@^7.1.0":
    version "7.2.3"
    resolved "https://registry.yarnpkg.com/@babel/helper-replace-supers/-/helper-replace-supers-7.2.3.tgz#19970020cf22677d62b3a689561dbd9644d8c5e5"
    integrity sha512-GyieIznGUfPXPWu0yLS6U55Mz67AZD9cUk0BfirOWlPrXlBcan9Gz+vHGz+cPfuoweZSnPzPIm67VtQM0OWZbA==
    dependencies:
      "@babel/helper-member-expression-to-functions" "^7.0.0"
      "@babel/helper-optimise-call-expression" "^7.0.0"
      "@babel/traverse" "^7.2.3"
      "@babel/types" "^7.0.0"
  
  "@babel/helper-simple-access@^7.1.0":
    version "7.1.0"
    resolved "https://registry.yarnpkg.com/@babel/helper-simple-access/-/helper-simple-access-7.1.0.tgz#65eeb954c8c245beaa4e859da6188f39d71e585c"
    integrity sha512-Vk+78hNjRbsiu49zAPALxTb+JUQCz1aolpd8osOF16BGnLtseD21nbHgLPGUwrXEurZgiCOUmvs3ExTu4F5x6w==
    dependencies:
      "@babel/template" "^7.1.0"
      "@babel/types" "^7.0.0"
  
  "@babel/helper-split-export-declaration@^7.0.0":
    version "7.0.0"
    resolved "https://registry.yarnpkg.com/@babel/helper-split-export-declaration/-/helper-split-export-declaration-7.0.0.tgz#3aae285c0311c2ab095d997b8c9a94cad547d813"
    integrity sha512-MXkOJqva62dfC0w85mEf/LucPPS/1+04nmmRMPEBUB++hiiThQ2zPtX/mEWQ3mtzCEjIJvPY8nuwxXtQeQwUag==
    dependencies:
      "@babel/types" "^7.0.0"
  
  "@babel/helper-wrap-function@^7.1.0":
    version "7.2.0"
    resolved "https://registry.yarnpkg.com/@babel/helper-wrap-function/-/helper-wrap-function-7.2.0.tgz#c4e0012445769e2815b55296ead43a958549f6fa"
    integrity sha512-o9fP1BZLLSrYlxYEYyl2aS+Flun5gtjTIG8iln+XuEzQTs0PLagAGSXUcqruJwD5fM48jzIEggCKpIfWTcR7pQ==
    dependencies:
      "@babel/helper-function-name" "^7.1.0"
      "@babel/template" "^7.1.0"
      "@babel/traverse" "^7.1.0"
      "@babel/types" "^7.2.0"
  
  "@babel/helpers@^7.2.0":
    version "7.3.1"
    resolved "https://registry.yarnpkg.com/@babel/helpers/-/helpers-7.3.1.tgz#949eec9ea4b45d3210feb7dc1c22db664c9e44b9"
    integrity sha512-Q82R3jKsVpUV99mgX50gOPCWwco9Ec5Iln/8Vyu4osNIOQgSrd9RFrQeUvmvddFNoLwMyOUWU+5ckioEKpDoGA==
    dependencies:
      "@babel/template" "^7.1.2"
      "@babel/traverse" "^7.1.5"
      "@babel/types" "^7.3.0"
  
  "@babel/highlight@^7.0.0":
    version "7.0.0"
    resolved "https://registry.yarnpkg.com/@babel/highlight/-/highlight-7.0.0.tgz#f710c38c8d458e6dd9a201afb637fcb781ce99e4"
    integrity sha512-UFMC4ZeFC48Tpvj7C8UgLvtkaUuovQX+5xNWrsIoMG8o2z+XFKjKaN9iVmS84dPwVN00W4wPmqvYoZF3EGAsfw==
    dependencies:
      chalk "^2.0.0"
      esutils "^2.0.2"
      js-tokens "^4.0.0"
  
  "@babel/parser@^7.2.2", "@babel/parser@^7.2.3", "@babel/parser@^7.3.3":
    version "7.3.3"
    resolved "https://registry.yarnpkg.com/@babel/parser/-/parser-7.3.3.tgz#092d450db02bdb6ccb1ca8ffd47d8774a91aef87"
    integrity sha512-xsH1CJoln2r74hR+y7cg2B5JCPaTh+Hd+EbBRk9nWGSNspuo6krjhX0Om6RnRQuIvFq8wVXCLKH3kwKDYhanSg==
  
  "@babel/plugin-proposal-async-generator-functions@^7.2.0":
    version "7.2.0"
    resolved "https://registry.yarnpkg.com/@babel/plugin-proposal-async-generator-functions/-/plugin-proposal-async-generator-functions-7.2.0.tgz#b289b306669dce4ad20b0252889a15768c9d417e"
    integrity sha512-+Dfo/SCQqrwx48ptLVGLdE39YtWRuKc/Y9I5Fy0P1DDBB9lsAHpjcEJQt+4IifuSOSTLBKJObJqMvaO1pIE8LQ==
    dependencies:
      "@babel/helper-plugin-utils" "^7.0.0"
      "@babel/helper-remap-async-to-generator" "^7.1.0"
      "@babel/plugin-syntax-async-generators" "^7.2.0"
  
  "@babel/plugin-proposal-json-strings@^7.2.0":
    version "7.2.0"
    resolved "https://registry.yarnpkg.com/@babel/plugin-proposal-json-strings/-/plugin-proposal-json-strings-7.2.0.tgz#568ecc446c6148ae6b267f02551130891e29f317"
    integrity sha512-MAFV1CA/YVmYwZG0fBQyXhmj0BHCB5egZHCKWIFVv/XCxAeVGIHfos3SwDck4LvCllENIAg7xMKOG5kH0dzyUg==
    dependencies:
      "@babel/helper-plugin-utils" "^7.0.0"
      "@babel/plugin-syntax-json-strings" "^7.2.0"
  
  "@babel/plugin-proposal-object-rest-spread@^7.3.1":
    version "7.3.2"
    resolved "https://registry.yarnpkg.com/@babel/plugin-proposal-object-rest-spread/-/plugin-proposal-object-rest-spread-7.3.2.tgz#6d1859882d4d778578e41f82cc5d7bf3d5daf6c1"
    integrity sha512-DjeMS+J2+lpANkYLLO+m6GjoTMygYglKmRe6cDTbFv3L9i6mmiE8fe6B8MtCSLZpVXscD5kn7s6SgtHrDoBWoA==
    dependencies:
      "@babel/helper-plugin-utils" "^7.0.0"
      "@babel/plugin-syntax-object-rest-spread" "^7.2.0"
  
  "@babel/plugin-proposal-optional-catch-binding@^7.2.0":
    version "7.2.0"
    resolved "https://registry.yarnpkg.com/@babel/plugin-proposal-optional-catch-binding/-/plugin-proposal-optional-catch-binding-7.2.0.tgz#135d81edb68a081e55e56ec48541ece8065c38f5"
    integrity sha512-mgYj3jCcxug6KUcX4OBoOJz3CMrwRfQELPQ5560F70YQUBZB7uac9fqaWamKR1iWUzGiK2t0ygzjTScZnVz75g==
    dependencies:
      "@babel/helper-plugin-utils" "^7.0.0"
      "@babel/plugin-syntax-optional-catch-binding" "^7.2.0"
  
  "@babel/plugin-proposal-unicode-property-regex@^7.2.0":
    version "7.2.0"
    resolved "https://registry.yarnpkg.com/@babel/plugin-proposal-unicode-property-regex/-/plugin-proposal-unicode-property-regex-7.2.0.tgz#abe7281fe46c95ddc143a65e5358647792039520"
    integrity sha512-LvRVYb7kikuOtIoUeWTkOxQEV1kYvL5B6U3iWEGCzPNRus1MzJweFqORTj+0jkxozkTSYNJozPOddxmqdqsRpw==
    dependencies:
      "@babel/helper-plugin-utils" "^7.0.0"
      "@babel/helper-regex" "^7.0.0"
      regexpu-core "^4.2.0"
  
  "@babel/plugin-syntax-async-generators@^7.2.0":
    version "7.2.0"
    resolved "https://registry.yarnpkg.com/@babel/plugin-syntax-async-generators/-/plugin-syntax-async-generators-7.2.0.tgz#69e1f0db34c6f5a0cf7e2b3323bf159a76c8cb7f"
    integrity sha512-1ZrIRBv2t0GSlcwVoQ6VgSLpLgiN/FVQUzt9znxo7v2Ov4jJrs8RY8tv0wvDmFN3qIdMKWrmMMW6yZ0G19MfGg==
    dependencies:
      "@babel/helper-plugin-utils" "^7.0.0"
  
  "@babel/plugin-syntax-json-strings@^7.2.0":
    version "7.2.0"
    resolved "https://registry.yarnpkg.com/@babel/plugin-syntax-json-strings/-/plugin-syntax-json-strings-7.2.0.tgz#72bd13f6ffe1d25938129d2a186b11fd62951470"
    integrity sha512-5UGYnMSLRE1dqqZwug+1LISpA403HzlSfsg6P9VXU6TBjcSHeNlw4DxDx7LgpF+iKZoOG/+uzqoRHTdcUpiZNg==
    dependencies:
      "@babel/helper-plugin-utils" "^7.0.0"
  
  "@babel/plugin-syntax-object-rest-spread@^7.2.0":
    version "7.2.0"
    resolved "https://registry.yarnpkg.com/@babel/plugin-syntax-object-rest-spread/-/plugin-syntax-object-rest-spread-7.2.0.tgz#3b7a3e733510c57e820b9142a6579ac8b0dfad2e"
    integrity sha512-t0JKGgqk2We+9may3t0xDdmneaXmyxq0xieYcKHxIsrJO64n1OiMWNUtc5gQK1PA0NpdCRrtZp4z+IUaKugrSA==
    dependencies:
      "@babel/helper-plugin-utils" "^7.0.0"
  
  "@babel/plugin-syntax-optional-catch-binding@^7.2.0":
    version "7.2.0"
    resolved "https://registry.yarnpkg.com/@babel/plugin-syntax-optional-catch-binding/-/plugin-syntax-optional-catch-binding-7.2.0.tgz#a94013d6eda8908dfe6a477e7f9eda85656ecf5c"
    integrity sha512-bDe4xKNhb0LI7IvZHiA13kff0KEfaGX/Hv4lMA9+7TEc63hMNvfKo6ZFpXhKuEp+II/q35Gc4NoMeDZyaUbj9w==
    dependencies:
      "@babel/helper-plugin-utils" "^7.0.0"
  
  "@babel/plugin-transform-arrow-functions@^7.2.0":
    version "7.2.0"
    resolved "https://registry.yarnpkg.com/@babel/plugin-transform-arrow-functions/-/plugin-transform-arrow-functions-7.2.0.tgz#9aeafbe4d6ffc6563bf8f8372091628f00779550"
    integrity sha512-ER77Cax1+8/8jCB9fo4Ud161OZzWN5qawi4GusDuRLcDbDG+bIGYY20zb2dfAFdTRGzrfq2xZPvF0R64EHnimg==
    dependencies:
      "@babel/helper-plugin-utils" "^7.0.0"
  
  "@babel/plugin-transform-async-to-generator@^7.2.0":
    version "7.2.0"
    resolved "https://registry.yarnpkg.com/@babel/plugin-transform-async-to-generator/-/plugin-transform-async-to-generator-7.2.0.tgz#68b8a438663e88519e65b776f8938f3445b1a2ff"
    integrity sha512-CEHzg4g5UraReozI9D4fblBYABs7IM6UerAVG7EJVrTLC5keh00aEuLUT+O40+mJCEzaXkYfTCUKIyeDfMOFFQ==
    dependencies:
      "@babel/helper-module-imports" "^7.0.0"
      "@babel/helper-plugin-utils" "^7.0.0"
      "@babel/helper-remap-async-to-generator" "^7.1.0"
  
  "@babel/plugin-transform-block-scoped-functions@^7.2.0":
    version "7.2.0"
    resolved "https://registry.yarnpkg.com/@babel/plugin-transform-block-scoped-functions/-/plugin-transform-block-scoped-functions-7.2.0.tgz#5d3cc11e8d5ddd752aa64c9148d0db6cb79fd190"
    integrity sha512-ntQPR6q1/NKuphly49+QiQiTN0O63uOwjdD6dhIjSWBI5xlrbUFh720TIpzBhpnrLfv2tNH/BXvLIab1+BAI0w==
    dependencies:
      "@babel/helper-plugin-utils" "^7.0.0"
  
  "@babel/plugin-transform-block-scoping@^7.2.0":
    version "7.2.0"
    resolved "https://registry.yarnpkg.com/@babel/plugin-transform-block-scoping/-/plugin-transform-block-scoping-7.2.0.tgz#f17c49d91eedbcdf5dd50597d16f5f2f770132d4"
    integrity sha512-vDTgf19ZEV6mx35yiPJe4fS02mPQUUcBNwWQSZFXSzTSbsJFQvHt7DqyS3LK8oOWALFOsJ+8bbqBgkirZteD5Q==
    dependencies:
      "@babel/helper-plugin-utils" "^7.0.0"
      lodash "^4.17.10"
  
  "@babel/plugin-transform-classes@^7.2.0":
    version "7.3.3"
    resolved "https://registry.yarnpkg.com/@babel/plugin-transform-classes/-/plugin-transform-classes-7.3.3.tgz#a0532d6889c534d095e8f604e9257f91386c4b51"
    integrity sha512-n0CLbsg7KOXsMF4tSTLCApNMoXk0wOPb0DYfsOO1e7SfIb9gOyfbpKI2MZ+AXfqvlfzq2qsflJ1nEns48Caf2w==
    dependencies:
      "@babel/helper-annotate-as-pure" "^7.0.0"
      "@babel/helper-define-map" "^7.1.0"
      "@babel/helper-function-name" "^7.1.0"
      "@babel/helper-optimise-call-expression" "^7.0.0"
      "@babel/helper-plugin-utils" "^7.0.0"
      "@babel/helper-replace-supers" "^7.1.0"
      "@babel/helper-split-export-declaration" "^7.0.0"
      globals "^11.1.0"
  
  "@babel/plugin-transform-computed-properties@^7.2.0":
    version "7.2.0"
    resolved "https://registry.yarnpkg.com/@babel/plugin-transform-computed-properties/-/plugin-transform-computed-properties-7.2.0.tgz#83a7df6a658865b1c8f641d510c6f3af220216da"
    integrity sha512-kP/drqTxY6Xt3NNpKiMomfgkNn4o7+vKxK2DDKcBG9sHj51vHqMBGy8wbDS/J4lMxnqs153/T3+DmCEAkC5cpA==
    dependencies:
      "@babel/helper-plugin-utils" "^7.0.0"
  
  "@babel/plugin-transform-destructuring@^7.2.0":
    version "7.3.2"
    resolved "https://registry.yarnpkg.com/@babel/plugin-transform-destructuring/-/plugin-transform-destructuring-7.3.2.tgz#f2f5520be055ba1c38c41c0e094d8a461dd78f2d"
    integrity sha512-Lrj/u53Ufqxl/sGxyjsJ2XNtNuEjDyjpqdhMNh5aZ+XFOdThL46KBj27Uem4ggoezSYBxKWAil6Hu8HtwqesYw==
    dependencies:
      "@babel/helper-plugin-utils" "^7.0.0"
  
  "@babel/plugin-transform-dotall-regex@^7.2.0":
    version "7.2.0"
    resolved "https://registry.yarnpkg.com/@babel/plugin-transform-dotall-regex/-/plugin-transform-dotall-regex-7.2.0.tgz#f0aabb93d120a8ac61e925ea0ba440812dbe0e49"
    integrity sha512-sKxnyHfizweTgKZf7XsXu/CNupKhzijptfTM+bozonIuyVrLWVUvYjE2bhuSBML8VQeMxq4Mm63Q9qvcvUcciQ==
    dependencies:
      "@babel/helper-plugin-utils" "^7.0.0"
      "@babel/helper-regex" "^7.0.0"
      regexpu-core "^4.1.3"
  
  "@babel/plugin-transform-duplicate-keys@^7.2.0":
    version "7.2.0"
    resolved "https://registry.yarnpkg.com/@babel/plugin-transform-duplicate-keys/-/plugin-transform-duplicate-keys-7.2.0.tgz#d952c4930f312a4dbfff18f0b2914e60c35530b3"
    integrity sha512-q+yuxW4DsTjNceUiTzK0L+AfQ0zD9rWaTLiUqHA8p0gxx7lu1EylenfzjeIWNkPy6e/0VG/Wjw9uf9LueQwLOw==
    dependencies:
      "@babel/helper-plugin-utils" "^7.0.0"
  
  "@babel/plugin-transform-exponentiation-operator@^7.2.0":
    version "7.2.0"
    resolved "https://registry.yarnpkg.com/@babel/plugin-transform-exponentiation-operator/-/plugin-transform-exponentiation-operator-7.2.0.tgz#a63868289e5b4007f7054d46491af51435766008"
    integrity sha512-umh4hR6N7mu4Elq9GG8TOu9M0bakvlsREEC+ialrQN6ABS4oDQ69qJv1VtR3uxlKMCQMCvzk7vr17RHKcjx68A==
    dependencies:
      "@babel/helper-builder-binary-assignment-operator-visitor" "^7.1.0"
      "@babel/helper-plugin-utils" "^7.0.0"
  
  "@babel/plugin-transform-for-of@^7.2.0":
    version "7.2.0"
    resolved "https://registry.yarnpkg.com/@babel/plugin-transform-for-of/-/plugin-transform-for-of-7.2.0.tgz#ab7468befa80f764bb03d3cb5eef8cc998e1cad9"
    integrity sha512-Kz7Mt0SsV2tQk6jG5bBv5phVbkd0gd27SgYD4hH1aLMJRchM0dzHaXvrWhVZ+WxAlDoAKZ7Uy3jVTW2mKXQ1WQ==
    dependencies:
      "@babel/helper-plugin-utils" "^7.0.0"
  
  "@babel/plugin-transform-function-name@^7.2.0":
    version "7.2.0"
    resolved "https://registry.yarnpkg.com/@babel/plugin-transform-function-name/-/plugin-transform-function-name-7.2.0.tgz#f7930362829ff99a3174c39f0afcc024ef59731a"
    integrity sha512-kWgksow9lHdvBC2Z4mxTsvc7YdY7w/V6B2vy9cTIPtLEE9NhwoWivaxdNM/S37elu5bqlLP/qOY906LukO9lkQ==
    dependencies:
      "@babel/helper-function-name" "^7.1.0"
      "@babel/helper-plugin-utils" "^7.0.0"
  
  "@babel/plugin-transform-literals@^7.2.0":
    version "7.2.0"
    resolved "https://registry.yarnpkg.com/@babel/plugin-transform-literals/-/plugin-transform-literals-7.2.0.tgz#690353e81f9267dad4fd8cfd77eafa86aba53ea1"
    integrity sha512-2ThDhm4lI4oV7fVQ6pNNK+sx+c/GM5/SaML0w/r4ZB7sAneD/piDJtwdKlNckXeyGK7wlwg2E2w33C/Hh+VFCg==
    dependencies:
      "@babel/helper-plugin-utils" "^7.0.0"
  
  "@babel/plugin-transform-modules-amd@^7.2.0":
    version "7.2.0"
    resolved "https://registry.yarnpkg.com/@babel/plugin-transform-modules-amd/-/plugin-transform-modules-amd-7.2.0.tgz#82a9bce45b95441f617a24011dc89d12da7f4ee6"
    integrity sha512-mK2A8ucqz1qhrdqjS9VMIDfIvvT2thrEsIQzbaTdc5QFzhDjQv2CkJJ5f6BXIkgbmaoax3zBr2RyvV/8zeoUZw==
    dependencies:
      "@babel/helper-module-transforms" "^7.1.0"
      "@babel/helper-plugin-utils" "^7.0.0"
  
  "@babel/plugin-transform-modules-commonjs@^7.2.0":
    version "7.2.0"
    resolved "https://registry.yarnpkg.com/@babel/plugin-transform-modules-commonjs/-/plugin-transform-modules-commonjs-7.2.0.tgz#c4f1933f5991d5145e9cfad1dfd848ea1727f404"
    integrity sha512-V6y0uaUQrQPXUrmj+hgnks8va2L0zcZymeU7TtWEgdRLNkceafKXEduv7QzgQAE4lT+suwooG9dC7LFhdRAbVQ==
    dependencies:
      "@babel/helper-module-transforms" "^7.1.0"
      "@babel/helper-plugin-utils" "^7.0.0"
      "@babel/helper-simple-access" "^7.1.0"
  
  "@babel/plugin-transform-modules-systemjs@^7.2.0":
    version "7.2.0"
    resolved "https://registry.yarnpkg.com/@babel/plugin-transform-modules-systemjs/-/plugin-transform-modules-systemjs-7.2.0.tgz#912bfe9e5ff982924c81d0937c92d24994bb9068"
    integrity sha512-aYJwpAhoK9a+1+O625WIjvMY11wkB/ok0WClVwmeo3mCjcNRjt+/8gHWrB5i+00mUju0gWsBkQnPpdvQ7PImmQ==
    dependencies:
      "@babel/helper-hoist-variables" "^7.0.0"
      "@babel/helper-plugin-utils" "^7.0.0"
  
  "@babel/plugin-transform-modules-umd@^7.2.0":
    version "7.2.0"
    resolved "https://registry.yarnpkg.com/@babel/plugin-transform-modules-umd/-/plugin-transform-modules-umd-7.2.0.tgz#7678ce75169f0877b8eb2235538c074268dd01ae"
    integrity sha512-BV3bw6MyUH1iIsGhXlOK6sXhmSarZjtJ/vMiD9dNmpY8QXFFQTj+6v92pcfy1iqa8DeAfJFwoxcrS/TUZda6sw==
    dependencies:
      "@babel/helper-module-transforms" "^7.1.0"
      "@babel/helper-plugin-utils" "^7.0.0"
  
  "@babel/plugin-transform-named-capturing-groups-regex@^7.3.0":
    version "7.3.0"
    resolved "https://registry.yarnpkg.com/@babel/plugin-transform-named-capturing-groups-regex/-/plugin-transform-named-capturing-groups-regex-7.3.0.tgz#140b52985b2d6ef0cb092ef3b29502b990f9cd50"
    integrity sha512-NxIoNVhk9ZxS+9lSoAQ/LM0V2UEvARLttEHUrRDGKFaAxOYQcrkN/nLRE+BbbicCAvZPl7wMP0X60HsHE5DtQw==
    dependencies:
      regexp-tree "^0.1.0"
  
  "@babel/plugin-transform-new-target@^7.0.0":
    version "7.0.0"
    resolved "https://registry.yarnpkg.com/@babel/plugin-transform-new-target/-/plugin-transform-new-target-7.0.0.tgz#ae8fbd89517fa7892d20e6564e641e8770c3aa4a"
    integrity sha512-yin069FYjah+LbqfGeTfzIBODex/e++Yfa0rH0fpfam9uTbuEeEOx5GLGr210ggOV77mVRNoeqSYqeuaqSzVSw==
    dependencies:
      "@babel/helper-plugin-utils" "^7.0.0"
  
  "@babel/plugin-transform-object-super@^7.2.0":
    version "7.2.0"
    resolved "https://registry.yarnpkg.com/@babel/plugin-transform-object-super/-/plugin-transform-object-super-7.2.0.tgz#b35d4c10f56bab5d650047dad0f1d8e8814b6598"
    integrity sha512-VMyhPYZISFZAqAPVkiYb7dUe2AsVi2/wCT5+wZdsNO31FojQJa9ns40hzZ6U9f50Jlq4w6qwzdBB2uwqZ00ebg==
    dependencies:
      "@babel/helper-plugin-utils" "^7.0.0"
      "@babel/helper-replace-supers" "^7.1.0"
  
  "@babel/plugin-transform-parameters@^7.2.0":
    version "7.3.3"
    resolved "https://registry.yarnpkg.com/@babel/plugin-transform-parameters/-/plugin-transform-parameters-7.3.3.tgz#3a873e07114e1a5bee17d04815662c8317f10e30"
    integrity sha512-IrIP25VvXWu/VlBWTpsjGptpomtIkYrN/3aDp4UKm7xK6UxZY88kcJ1UwETbzHAlwN21MnNfwlar0u8y3KpiXw==
    dependencies:
      "@babel/helper-call-delegate" "^7.1.0"
      "@babel/helper-get-function-arity" "^7.0.0"
      "@babel/helper-plugin-utils" "^7.0.0"
  
  "@babel/plugin-transform-regenerator@^7.0.0":
    version "7.0.0"
    resolved "https://registry.yarnpkg.com/@babel/plugin-transform-regenerator/-/plugin-transform-regenerator-7.0.0.tgz#5b41686b4ed40bef874d7ed6a84bdd849c13e0c1"
    integrity sha512-sj2qzsEx8KDVv1QuJc/dEfilkg3RRPvPYx/VnKLtItVQRWt1Wqf5eVCOLZm29CiGFfYYsA3VPjfizTCV0S0Dlw==
    dependencies:
      regenerator-transform "^0.13.3"
  
  "@babel/plugin-transform-shorthand-properties@^7.2.0":
    version "7.2.0"
    resolved "https://registry.yarnpkg.com/@babel/plugin-transform-shorthand-properties/-/plugin-transform-shorthand-properties-7.2.0.tgz#6333aee2f8d6ee7e28615457298934a3b46198f0"
    integrity sha512-QP4eUM83ha9zmYtpbnyjTLAGKQritA5XW/iG9cjtuOI8s1RuL/3V6a3DeSHfKutJQ+ayUfeZJPcnCYEQzaPQqg==
    dependencies:
      "@babel/helper-plugin-utils" "^7.0.0"
  
  "@babel/plugin-transform-spread@^7.2.0":
    version "7.2.2"
    resolved "https://registry.yarnpkg.com/@babel/plugin-transform-spread/-/plugin-transform-spread-7.2.2.tgz#3103a9abe22f742b6d406ecd3cd49b774919b406"
    integrity sha512-KWfky/58vubwtS0hLqEnrWJjsMGaOeSBn90Ezn5Jeg9Z8KKHmELbP1yGylMlm5N6TPKeY9A2+UaSYLdxahg01w==
    dependencies:
      "@babel/helper-plugin-utils" "^7.0.0"
  
  "@babel/plugin-transform-sticky-regex@^7.2.0":
    version "7.2.0"
    resolved "https://registry.yarnpkg.com/@babel/plugin-transform-sticky-regex/-/plugin-transform-sticky-regex-7.2.0.tgz#a1e454b5995560a9c1e0d537dfc15061fd2687e1"
    integrity sha512-KKYCoGaRAf+ckH8gEL3JHUaFVyNHKe3ASNsZ+AlktgHevvxGigoIttrEJb8iKN03Q7Eazlv1s6cx2B2cQ3Jabw==
    dependencies:
      "@babel/helper-plugin-utils" "^7.0.0"
      "@babel/helper-regex" "^7.0.0"
  
  "@babel/plugin-transform-template-literals@^7.2.0":
    version "7.2.0"
    resolved "https://registry.yarnpkg.com/@babel/plugin-transform-template-literals/-/plugin-transform-template-literals-7.2.0.tgz#d87ed01b8eaac7a92473f608c97c089de2ba1e5b"
    integrity sha512-FkPix00J9A/XWXv4VoKJBMeSkyY9x/TqIh76wzcdfl57RJJcf8CehQ08uwfhCDNtRQYtHQKBTwKZDEyjE13Lwg==
    dependencies:
      "@babel/helper-annotate-as-pure" "^7.0.0"
      "@babel/helper-plugin-utils" "^7.0.0"
  
  "@babel/plugin-transform-typeof-symbol@^7.2.0":
    version "7.2.0"
    resolved "https://registry.yarnpkg.com/@babel/plugin-transform-typeof-symbol/-/plugin-transform-typeof-symbol-7.2.0.tgz#117d2bcec2fbf64b4b59d1f9819894682d29f2b2"
    integrity sha512-2LNhETWYxiYysBtrBTqL8+La0jIoQQnIScUJc74OYvUGRmkskNY4EzLCnjHBzdmb38wqtTaixpo1NctEcvMDZw==
    dependencies:
      "@babel/helper-plugin-utils" "^7.0.0"
  
  "@babel/plugin-transform-unicode-regex@^7.2.0":
    version "7.2.0"
    resolved "https://registry.yarnpkg.com/@babel/plugin-transform-unicode-regex/-/plugin-transform-unicode-regex-7.2.0.tgz#4eb8db16f972f8abb5062c161b8b115546ade08b"
    integrity sha512-m48Y0lMhrbXEJnVUaYly29jRXbQ3ksxPrS1Tg8t+MHqzXhtBYAvI51euOBaoAlZLPHsieY9XPVMf80a5x0cPcA==
    dependencies:
      "@babel/helper-plugin-utils" "^7.0.0"
      "@babel/helper-regex" "^7.0.0"
      regexpu-core "^4.1.3"
  
  "@babel/preset-env@^7.3.1":
    version "7.3.1"
    resolved "https://registry.yarnpkg.com/@babel/preset-env/-/preset-env-7.3.1.tgz#389e8ca6b17ae67aaf9a2111665030be923515db"
    integrity sha512-FHKrD6Dxf30e8xgHQO0zJZpUPfVZg+Xwgz5/RdSWCbza9QLNk4Qbp40ctRoqDxml3O8RMzB1DU55SXeDG6PqHQ==
    dependencies:
      "@babel/helper-module-imports" "^7.0.0"
      "@babel/helper-plugin-utils" "^7.0.0"
      "@babel/plugin-proposal-async-generator-functions" "^7.2.0"
      "@babel/plugin-proposal-json-strings" "^7.2.0"
      "@babel/plugin-proposal-object-rest-spread" "^7.3.1"
      "@babel/plugin-proposal-optional-catch-binding" "^7.2.0"
      "@babel/plugin-proposal-unicode-property-regex" "^7.2.0"
      "@babel/plugin-syntax-async-generators" "^7.2.0"
      "@babel/plugin-syntax-json-strings" "^7.2.0"
      "@babel/plugin-syntax-object-rest-spread" "^7.2.0"
      "@babel/plugin-syntax-optional-catch-binding" "^7.2.0"
      "@babel/plugin-transform-arrow-functions" "^7.2.0"
      "@babel/plugin-transform-async-to-generator" "^7.2.0"
      "@babel/plugin-transform-block-scoped-functions" "^7.2.0"
      "@babel/plugin-transform-block-scoping" "^7.2.0"
      "@babel/plugin-transform-classes" "^7.2.0"
      "@babel/plugin-transform-computed-properties" "^7.2.0"
      "@babel/plugin-transform-destructuring" "^7.2.0"
      "@babel/plugin-transform-dotall-regex" "^7.2.0"
      "@babel/plugin-transform-duplicate-keys" "^7.2.0"
      "@babel/plugin-transform-exponentiation-operator" "^7.2.0"
      "@babel/plugin-transform-for-of" "^7.2.0"
      "@babel/plugin-transform-function-name" "^7.2.0"
      "@babel/plugin-transform-literals" "^7.2.0"
      "@babel/plugin-transform-modules-amd" "^7.2.0"
      "@babel/plugin-transform-modules-commonjs" "^7.2.0"
      "@babel/plugin-transform-modules-systemjs" "^7.2.0"
      "@babel/plugin-transform-modules-umd" "^7.2.0"
      "@babel/plugin-transform-named-capturing-groups-regex" "^7.3.0"
      "@babel/plugin-transform-new-target" "^7.0.0"
      "@babel/plugin-transform-object-super" "^7.2.0"
      "@babel/plugin-transform-parameters" "^7.2.0"
      "@babel/plugin-transform-regenerator" "^7.0.0"
      "@babel/plugin-transform-shorthand-properties" "^7.2.0"
      "@babel/plugin-transform-spread" "^7.2.0"
      "@babel/plugin-transform-sticky-regex" "^7.2.0"
      "@babel/plugin-transform-template-literals" "^7.2.0"
      "@babel/plugin-transform-typeof-symbol" "^7.2.0"
      "@babel/plugin-transform-unicode-regex" "^7.2.0"
      browserslist "^4.3.4"
      invariant "^2.2.2"
      js-levenshtein "^1.1.3"
      semver "^5.3.0"
  
  "@babel/runtime@^7.0.0":
    version "7.3.1"
    resolved "https://registry.yarnpkg.com/@babel/runtime/-/runtime-7.3.1.tgz#574b03e8e8a9898eaf4a872a92ea20b7846f6f2a"
    integrity sha512-7jGW8ppV0ant637pIqAcFfQDDH1orEPGJb8aXfUozuCU3QqX7rX4DA8iwrbPrR1hcH0FTTHz47yQnk+bl5xHQA==
    dependencies:
      regenerator-runtime "^0.12.0"
  
  "@babel/template@^7.1.0", "@babel/template@^7.1.2", "@babel/template@^7.2.2":
    version "7.2.2"
    resolved "https://registry.yarnpkg.com/@babel/template/-/template-7.2.2.tgz#005b3fdf0ed96e88041330379e0da9a708eb2907"
    integrity sha512-zRL0IMM02AUDwghf5LMSSDEz7sBCO2YnNmpg3uWTZj/v1rcG2BmQUvaGU8GhU8BvfMh1k2KIAYZ7Ji9KXPUg7g==
    dependencies:
      "@babel/code-frame" "^7.0.0"
      "@babel/parser" "^7.2.2"
      "@babel/types" "^7.2.2"
  
  "@babel/traverse@^7.1.0", "@babel/traverse@^7.1.5", "@babel/traverse@^7.2.2", "@babel/traverse@^7.2.3":
    version "7.2.3"
    resolved "https://registry.yarnpkg.com/@babel/traverse/-/traverse-7.2.3.tgz#7ff50cefa9c7c0bd2d81231fdac122f3957748d8"
    integrity sha512-Z31oUD/fJvEWVR0lNZtfgvVt512ForCTNKYcJBGbPb1QZfve4WGH8Wsy7+Mev33/45fhP/hwQtvgusNdcCMgSw==
    dependencies:
      "@babel/code-frame" "^7.0.0"
      "@babel/generator" "^7.2.2"
      "@babel/helper-function-name" "^7.1.0"
      "@babel/helper-split-export-declaration" "^7.0.0"
      "@babel/parser" "^7.2.3"
      "@babel/types" "^7.2.2"
      debug "^4.1.0"
      globals "^11.1.0"
      lodash "^4.17.10"
  
  "@babel/types@^7.0.0", "@babel/types@^7.2.0", "@babel/types@^7.2.2", "@babel/types@^7.3.0", "@babel/types@^7.3.3":
    version "7.3.3"
    resolved "https://registry.yarnpkg.com/@babel/types/-/types-7.3.3.tgz#6c44d1cdac2a7625b624216657d5bc6c107ab436"
    integrity sha512-2tACZ80Wg09UnPg5uGAOUvvInaqLk3l/IAhQzlxLQOIXacr6bMsra5SH6AWw/hIDRCSbCdHP2KzSOD+cT7TzMQ==
    dependencies:
      esutils "^2.0.2"
      lodash "^4.17.11"
      to-fast-properties "^2.0.0"
  
  add-dom-event-listener@^1.1.0:
    version "1.1.0"
    resolved "https://registry.yarnpkg.com/add-dom-event-listener/-/add-dom-event-listener-1.1.0.tgz#6a92db3a0dd0abc254e095c0f1dc14acbbaae310"
    integrity sha512-WCxx1ixHT0GQU9hb0KI/mhgRQhnU+U3GvwY6ZvVjYq8rsihIGoaIOUbY0yMPBxLH5MDtr0kz3fisWGNcbWW7Jw==
    dependencies:
      object-assign "4.x"
  
  ansi-styles@^3.2.1:
    version "3.2.1"
    resolved "https://registry.yarnpkg.com/ansi-styles/-/ansi-styles-3.2.1.tgz#41fbb20243e50b12be0f04b8dedbf07520ce841d"
    integrity sha512-VT0ZI6kZRdTh8YyJw3SMbYm/u+NqfsAxEpWO0Pf9sq8/e94WxxOpPKx9FR1FlyCtOVDNOQ+8ntlqFxiRc+r5qA==
    dependencies:
      color-convert "^1.9.0"
  
  ant-design-palettes@^1.1.3:
    version "1.1.3"
    resolved "https://registry.yarnpkg.com/ant-design-palettes/-/ant-design-palettes-1.1.3.tgz#84119b1a4d86363adc52a38d587e65336a0a27dd"
    integrity sha512-UpkkTp8egEN21KZNvY7sTcabLlkHvLvS71EVPk4CYi77Z9AaGGCaVn7i72tbOgWDrQp2wjIg8WgMbKBdK7GtWA==
    dependencies:
      tinycolor2 "^1.4.1"
  
  antd@^3.13.4:
    version "3.13.4"
    resolved "https://registry.yarnpkg.com/antd/-/antd-3.13.4.tgz#8d9afb182a4c9e2d7d0e43bed8661513159e56b2"
    integrity sha512-tdnL+XKneuCoigOrQhHxUt2IediQUt4lQVePLMGUmGyPRCwK7ozirAHSsDG2ciK8L9TIG0cxMIn5SuQsDGTH7w==
    dependencies:
      "@ant-design/icons" "~1.1.16"
      "@ant-design/icons-react" "~1.1.2"
      array-tree-filter "^2.1.0"
      babel-runtime "6.x"
      classnames "~2.2.6"
      create-react-class "^15.6.3"
      create-react-context "0.2.2"
      css-animation "^1.5.0"
      dom-closest "^0.2.0"
      enquire.js "^2.1.6"
      lodash "^4.17.11"
      moment "^2.24.0"
      omit.js "^1.0.0"
      prop-types "^15.6.2"
      raf "^3.4.0"
      rc-animate "^2.5.4"
      rc-calendar "~9.10.3"
      rc-cascader "~0.17.0"
      rc-checkbox "~2.1.5"
      rc-collapse "~1.10.2"
      rc-dialog "~7.3.0"
      rc-drawer "~1.7.6"
      rc-dropdown "~2.4.1"
      rc-editor-mention "^1.1.7"
      rc-form "^2.4.0"
      rc-input-number "~4.3.7"
      rc-menu "~7.4.12"
      rc-notification "~3.3.0"
      rc-pagination "~1.17.7"
      rc-progress "~2.3.0"
      rc-rate "~2.5.0"
      rc-select "^8.6.7"
      rc-slider "~8.6.5"
      rc-steps "~3.3.0"
      rc-switch "~1.9.0"
      rc-table "~6.4.0"
      rc-tabs "~9.6.0"
      rc-time-picker "~3.6.1"
      rc-tooltip "~3.7.3"
      rc-tree "~1.14.6"
      rc-tree-select "~2.5.0"
      rc-trigger "^2.6.2"
      rc-upload "~2.6.0"
      rc-util "^4.5.1"
      react-lazy-load "^3.0.13"
      react-lifecycles-compat "^3.0.4"
      react-slick "~0.23.2"
      resize-observer-polyfill "^1.5.0"
      shallowequal "^1.1.0"
      warning "~4.0.2"
  
  array-tree-filter@^2.1.0:
    version "2.1.0"
    resolved "https://registry.yarnpkg.com/array-tree-filter/-/array-tree-filter-2.1.0.tgz#873ac00fec83749f255ac8dd083814b4f6329190"
    integrity sha512-4ROwICNlNw/Hqa9v+rk5h22KjmzB1JGTMVKP2AKJBOCgb0yL0ASf0+YvCcLNNwquOHNX48jkeZIJ3a+oOQqKcw==
  
  asap@~2.0.3:
    version "2.0.6"
    resolved "https://registry.yarnpkg.com/asap/-/asap-2.0.6.tgz#e50347611d7e690943208bbdafebcbc2fb866d46"
    integrity sha1-5QNHYR1+aQlDIIu9r+vLwvuGbUY=
  
  async-validator@~1.8.5:
    version "1.8.5"
    resolved "https://registry.yarnpkg.com/async-validator/-/async-validator-1.8.5.tgz#dc3e08ec1fd0dddb67e60842f02c0cd1cec6d7f0"
    integrity sha512-tXBM+1m056MAX0E8TL2iCjg8WvSyXu0Zc8LNtYqrVeyoL3+esHRZ4SieE9fKQyyU09uONjnMEjrNBMqT0mbvmA==
    dependencies:
      babel-runtime "6.x"
  
  babel-plugin-import@^1.11.0:
    version "1.11.0"
    resolved "https://registry.yarnpkg.com/babel-plugin-import/-/babel-plugin-import-1.11.0.tgz#78ac908e6b225206babb734e19eae5f78d6d1035"
    integrity sha512-de9dWdU1YjmWRPYurlHRKD2hTd24z0bIQ0/JgyXqLMXML+TsvEkVhtqzOsNtu9MmCuvwBiTTTjZBbZXA1Xu7TQ==
    dependencies:
      "@babel/helper-module-imports" "^7.0.0"
      "@babel/runtime" "^7.0.0"
  
  babel-runtime@6.x, babel-runtime@^6.23.0, babel-runtime@^6.26.0:
    version "6.26.0"
    resolved "https://registry.yarnpkg.com/babel-runtime/-/babel-runtime-6.26.0.tgz#965c7058668e82b55d7bfe04ff2337bc8b5647fe"
    integrity sha1-llxwWGaOgrVde/4E/yM3vItWR/4=
    dependencies:
      core-js "^2.4.0"
      regenerator-runtime "^0.11.0"
  
  browserslist@^4.3.4:
    version "4.4.1"
    resolved "https://registry.yarnpkg.com/browserslist/-/browserslist-4.4.1.tgz#42e828954b6b29a7a53e352277be429478a69062"
    integrity sha512-pEBxEXg7JwaakBXjATYw/D1YZh4QUSCX/Mnd/wnqSRPPSi1U39iDhDoKGoBUcraKdxDlrYqJxSI5nNvD+dWP2A==
    dependencies:
      caniuse-lite "^1.0.30000929"
      electron-to-chromium "^1.3.103"
      node-releases "^1.1.3"
  
  caniuse-lite@^1.0.30000929:
    version "1.0.30000938"
    resolved "https://registry.yarnpkg.com/caniuse-lite/-/caniuse-lite-1.0.30000938.tgz#b64bf1427438df40183fce910fe24e34feda7a3f"
    integrity sha512-ekW8NQ3/FvokviDxhdKLZZAx7PptXNwxKgXtnR5y+PR3hckwuP3yJ1Ir+4/c97dsHNqtAyfKUGdw8P4EYzBNgw==
  
  chalk@^2.0.0:
    version "2.4.2"
    resolved "https://registry.yarnpkg.com/chalk/-/chalk-2.4.2.tgz#cd42541677a54333cf541a49108c1432b44c9424"
    integrity sha512-Mti+f9lpJNcwF4tWV8/OrTTtF1gZi+f8FqlyAdouralcFWFQWF2+NgCHShjkCb+IFBLq9buZwE1xckQU4peSuQ==
    dependencies:
      ansi-styles "^3.2.1"
      escape-string-regexp "^1.0.5"
      supports-color "^5.3.0"
  
  classnames@2.x, classnames@^2.2.0, classnames@^2.2.1, classnames@^2.2.3, classnames@^2.2.5, classnames@^2.2.6, classnames@~2.2.6:
    version "2.2.6"
    resolved "https://registry.yarnpkg.com/classnames/-/classnames-2.2.6.tgz#43935bffdd291f326dad0a205309b38d00f650ce"
    integrity sha512-JR/iSQOSt+LQIWwrwEzJ9uk0xfN3mTVYMwt1Ir5mUcSN6pU+V4zQFFaJsclJbPuAUQH+yfWef6tm7l1quW3C8Q==
  
  color-convert@^1.9.0:
    version "1.9.3"
    resolved "https://registry.yarnpkg.com/color-convert/-/color-convert-1.9.3.tgz#bb71850690e1f136567de629d2d5471deda4c1e8"
    integrity sha512-QfAUtd+vFdAtFQcC8CCyYt1fYWxSqAiK2cSD6zDB8N3cpsEBAvRxp9zOGg6G/SHHJYAT88/az/IuDGALsNVbGg==
    dependencies:
      color-name "1.1.3"
  
  color-name@1.1.3:
    version "1.1.3"
    resolved "https://registry.yarnpkg.com/color-name/-/color-name-1.1.3.tgz#a7d0558bd89c42f795dd42328f740831ca53bc25"
    integrity sha1-p9BVi9icQveV3UIyj3QIMcpTvCU=
  
  component-classes@1.x, component-classes@^1.2.5, component-classes@^1.2.6:
    version "1.2.6"
    resolved "https://registry.yarnpkg.com/component-classes/-/component-classes-1.2.6.tgz#c642394c3618a4d8b0b8919efccbbd930e5cd691"
    integrity sha1-xkI5TDYYpNiwuJGe/Mu9kw5c1pE=
    dependencies:
      component-indexof "0.0.3"
  
  component-indexof@0.0.3:
    version "0.0.3"
    resolved "https://registry.yarnpkg.com/component-indexof/-/component-indexof-0.0.3.tgz#11d091312239eb8f32c8f25ae9cb002ffe8d3c24"
    integrity sha1-EdCRMSI5648yyPJa6csAL/6NPCQ=
  
  convert-source-map@^1.1.0:
    version "1.6.0"
    resolved "https://registry.yarnpkg.com/convert-source-map/-/convert-source-map-1.6.0.tgz#51b537a8c43e0f04dec1993bffcdd504e758ac20"
    integrity sha512-eFu7XigvxdZ1ETfbgPBohgyQ/Z++C0eEhTor0qRwBw9unw+L0/6V8wkSuGgzdThkiS5lSpdptOQPD8Ak40a+7A==
    dependencies:
      safe-buffer "~5.1.1"
  
  core-js@^1.0.0:
    version "1.2.7"
    resolved "https://registry.yarnpkg.com/core-js/-/core-js-1.2.7.tgz#652294c14651db28fa93bd2d5ff2983a4f08c636"
    integrity sha1-ZSKUwUZR2yj6k70tX/KYOk8IxjY=
  
  core-js@^2.4.0:
    version "2.6.5"
    resolved "https://registry.yarnpkg.com/core-js/-/core-js-2.6.5.tgz#44bc8d249e7fb2ff5d00e0341a7ffb94fbf67895"
    integrity sha512-klh/kDpwX8hryYL14M9w/xei6vrv6sE8gTHDG7/T/+SEovB/G4ejwcfE/CBzO6Edsu+OETZMZ3wcX/EjUkrl5A==
  
  create-react-class@^15.5.3, create-react-class@^15.6.3:
    version "15.6.3"
    resolved "https://registry.yarnpkg.com/create-react-class/-/create-react-class-15.6.3.tgz#2d73237fb3f970ae6ebe011a9e66f46dbca80036"
    integrity sha512-M+/3Q6E6DLO6Yx3OwrWjwHBnvfXXYA7W+dFjt/ZDBemHO1DDZhsalX/NUtnTYclN6GfnBDRh4qRHjcDHmlJBJg==
    dependencies:
      fbjs "^0.8.9"
      loose-envify "^1.3.1"
      object-assign "^4.1.1"
  
  create-react-context@0.2.2:
    version "0.2.2"
    resolved "https://registry.yarnpkg.com/create-react-context/-/create-react-context-0.2.2.tgz#9836542f9aaa22868cd7d4a6f82667df38019dca"
    integrity sha512-KkpaLARMhsTsgp0d2NA/R94F/eDLbhXERdIq3LvX2biCAXcDvHYoOqHfWCHf1+OLj+HKBotLG3KqaOOf+C1C+A==
    dependencies:
      fbjs "^0.8.0"
      gud "^1.0.0"
  
  css-animation@1.x, css-animation@^1.3.2, css-animation@^1.5.0:
    version "1.5.0"
    resolved "https://registry.yarnpkg.com/css-animation/-/css-animation-1.5.0.tgz#c96b9097a5ef74a7be8480b45cc44e4ec6ca2bf5"
    integrity sha512-hWYoWiOZ7Vr20etzLh3kpWgtC454tW5vn4I6rLANDgpzNSkO7UfOqyCEeaoBSG9CYWQpRkFWTWbWW8o3uZrNLw==
    dependencies:
      babel-runtime "6.x"
      component-classes "^1.2.5"
  
  debug@^4.1.0:
    version "4.1.1"
    resolved "https://registry.yarnpkg.com/debug/-/debug-4.1.1.tgz#3b72260255109c6b589cee050f1d516139664791"
    integrity sha512-pYAIzeRo8J6KPEaJ0VWOh5Pzkbw/RetuzehGM7QRRX5he4fPHx2rdKMB256ehJCkX+XRQm16eZLqLNS8RSZXZw==
    dependencies:
      ms "^2.1.1"
  
  dom-align@^1.7.0:
    version "1.8.0"
    resolved "https://registry.yarnpkg.com/dom-align/-/dom-align-1.8.0.tgz#c0e89b5b674c6e836cd248c52c2992135f093654"
    integrity sha512-B85D4ef2Gj5lw0rK0KM2+D5/pH7yqNxg2mB+E8uzFaolpm7RQmsxEfjyEuNiF8UBBkffumYDeKRzTzc3LePP+w==
  
  dom-closest@^0.2.0:
    version "0.2.0"
    resolved "https://registry.yarnpkg.com/dom-closest/-/dom-closest-0.2.0.tgz#ebd9f91d1bf22e8d6f477876bbcd3ec90216c0cf"
    integrity sha1-69n5HRvyLo1vR3h2u80+yQIWwM8=
    dependencies:
      dom-matches ">=1.0.1"
  
  dom-matches@>=1.0.1:
    version "2.0.0"
    resolved "https://registry.yarnpkg.com/dom-matches/-/dom-matches-2.0.0.tgz#d2728b416a87533980eb089b848d253cf23a758c"
    integrity sha1-0nKLQWqHUzmA6wibhI0lPPI6dYw=
  
  dom-scroll-into-view@1.x, dom-scroll-into-view@^1.2.0:
    version "1.2.1"
    resolved "https://registry.yarnpkg.com/dom-scroll-into-view/-/dom-scroll-into-view-1.2.1.tgz#e8f36732dd089b0201a88d7815dc3f88e6d66c7e"
    integrity sha1-6PNnMt0ImwIBqI14Fdw/iObWbH4=
  
  draft-js@^0.10.0, draft-js@~0.10.0:
    version "0.10.5"
    resolved "https://registry.yarnpkg.com/draft-js/-/draft-js-0.10.5.tgz#bfa9beb018fe0533dbb08d6675c371a6b08fa742"
    integrity sha512-LE6jSCV9nkPhfVX2ggcRLA4FKs6zWq9ceuO/88BpXdNCS7mjRTgs0NsV6piUCJX9YxMsB9An33wnkMmU2sD2Zg==
    dependencies:
      fbjs "^0.8.15"
      immutable "~3.7.4"
      object-assign "^4.1.0"
  
  electron-to-chromium@^1.3.103:
    version "1.3.113"
    resolved "https://registry.yarnpkg.com/electron-to-chromium/-/electron-to-chromium-1.3.113.tgz#b1ccf619df7295aea17bc6951dc689632629e4a9"
    integrity sha512-De+lPAxEcpxvqPTyZAXELNpRZXABRxf+uL/rSykstQhzj/B0l1150G/ExIIxKc16lI89Hgz81J0BHAcbTqK49g==
  
  encoding@^0.1.11:
    version "0.1.12"
    resolved "https://registry.yarnpkg.com/encoding/-/encoding-0.1.12.tgz#538b66f3ee62cd1ab51ec323829d1f9480c74beb"
    integrity sha1-U4tm8+5izRq1HsMjgp0flIDHS+s=
    dependencies:
      iconv-lite "~0.4.13"
  
  enquire.js@^2.1.6:
    version "2.1.6"
    resolved "https://registry.yarnpkg.com/enquire.js/-/enquire.js-2.1.6.tgz#3e8780c9b8b835084c3f60e166dbc3c2a3c89814"
    integrity sha1-PoeAybi4NQhMP2DhZtvDwqPImBQ=
  
  escape-string-regexp@^1.0.5:
    version "1.0.5"
    resolved "https://registry.yarnpkg.com/escape-string-regexp/-/escape-string-regexp-1.0.5.tgz#1b61c0562190a8dff6ae3bb2cf0200ca130b86d4"
    integrity sha1-G2HAViGQqN/2rjuyzwIAyhMLhtQ=
  
  esutils@^2.0.2:
    version "2.0.2"
    resolved "https://registry.yarnpkg.com/esutils/-/esutils-2.0.2.tgz#0abf4f1caa5bcb1f7a9d8acc6dea4faaa04bac9b"
    integrity sha1-Cr9PHKpbyx96nYrMbepPqqBLrJs=
  
  eventlistener@0.0.1:
    version "0.0.1"
    resolved "https://registry.yarnpkg.com/eventlistener/-/eventlistener-0.0.1.tgz#ed2baabb852227af2bcf889152c72c63ca532eb8"
    integrity sha1-7Suqu4UiJ68rz4iRUscsY8pTLrg=
  
  fbjs@^0.8.0, fbjs@^0.8.15, fbjs@^0.8.16, fbjs@^0.8.9:
    version "0.8.17"
    resolved "https://registry.yarnpkg.com/fbjs/-/fbjs-0.8.17.tgz#c4d598ead6949112653d6588b01a5cdcd9f90fdd"
    integrity sha1-xNWY6taUkRJlPWWIsBpc3Nn5D90=
    dependencies:
      core-js "^1.0.0"
      isomorphic-fetch "^2.1.1"
      loose-envify "^1.0.0"
      object-assign "^4.1.0"
      promise "^7.1.1"
      setimmediate "^1.0.5"
      ua-parser-js "^0.7.18"
  
  globals@^11.1.0:
    version "11.11.0"
    resolved "https://registry.yarnpkg.com/globals/-/globals-11.11.0.tgz#dcf93757fa2de5486fbeed7118538adf789e9c2e"
    integrity sha512-WHq43gS+6ufNOEqlrDBxVEbb8ntfXrfAUU2ZOpCxrBdGKW3gyv8mCxAfIBD0DroPKGrJ2eSsXsLtY9MPntsyTw==
  
  gud@^1.0.0:
    version "1.0.0"
    resolved "https://registry.yarnpkg.com/gud/-/gud-1.0.0.tgz#a489581b17e6a70beca9abe3ae57de7a499852c0"
    integrity sha512-zGEOVKFM5sVPPrYs7J5/hYEw2Pof8KCyOwyhG8sAF26mCAeUFAcYPu1mwB7hhpIP29zOIBaDqwuHdLp0jvZXjw==
  
  hammerjs@^2.0.8:
    version "2.0.8"
    resolved "https://registry.yarnpkg.com/hammerjs/-/hammerjs-2.0.8.tgz#04ef77862cff2bb79d30f7692095930222bf60f1"
    integrity sha1-BO93hiz/K7edMPdpIJWTAiK/YPE=
  
  has-flag@^3.0.0:
    version "3.0.0"
    resolved "https://registry.yarnpkg.com/has-flag/-/has-flag-3.0.0.tgz#b5d454dc2199ae225699f3467e5a07f3b955bafd"
    integrity sha1-tdRU3CGZriJWmfNGfloH87lVuv0=
  
  hoist-non-react-statics@^2.3.1:
    version "2.5.5"
    resolved "https://registry.yarnpkg.com/hoist-non-react-statics/-/hoist-non-react-statics-2.5.5.tgz#c5903cf409c0dfd908f388e619d86b9c1174cb47"
    integrity sha512-rqcy4pJo55FTTLWt+bU8ukscqHeE/e9KWvsOW2b/a3afxQZhwkQdT1rPPCJ0rYXdj4vNcasY8zHTH+jF/qStxw==
  
  hoist-non-react-statics@^3.3.0:
    version "3.3.0"
    resolved "https://registry.yarnpkg.com/hoist-non-react-statics/-/hoist-non-react-statics-3.3.0.tgz#b09178f0122184fb95acf525daaecb4d8f45958b"
    integrity sha512-0XsbTXxgiaCDYDIWFcwkmerZPSwywfUqYmwT4jzewKTQSWoE6FCMoUVOeBJWK3E/CrWbxRG3m5GzY4lnIwGRBA==
    dependencies:
      react-is "^16.7.0"
  
  iconv-lite@~0.4.13:
    version "0.4.24"
    resolved "https://registry.yarnpkg.com/iconv-lite/-/iconv-lite-0.4.24.tgz#2022b4b25fbddc21d2f524974a474aafe733908b"
    integrity sha512-v3MXnZAcvnywkTUEZomIActle7RXXeedOR31wwl7VlyoXO4Qi9arvSenNQWne1TcRwhCL1HwLI21bEqdpj8/rA==
    dependencies:
      safer-buffer ">= 2.1.2 < 3"
  
  immutable@^3.7.4:
    version "3.8.2"
    resolved "https://registry.yarnpkg.com/immutable/-/immutable-3.8.2.tgz#c2439951455bb39913daf281376f1530e104adf3"
    integrity sha1-wkOZUUVbs5kT2vKBN28VMOEErfM=
  
  immutable@~3.7.4:
    version "3.7.6"
    resolved "https://registry.yarnpkg.com/immutable/-/immutable-3.7.6.tgz#13b4d3cb12befa15482a26fe1b2ebae640071e4b"
    integrity sha1-E7TTyxK++hVIKib+Gy665kAHHks=
  
  inherits@2.0.3:
    version "2.0.3"
    resolved "https://registry.yarnpkg.com/inherits/-/inherits-2.0.3.tgz#633c2c83e3da42a502f52466022480f4208261de"
    integrity sha1-Yzwsg+PaQqUC9SRmAiSA9CCCYd4=
  
  invariant@^2.2.2:
    version "2.2.4"
    resolved "https://registry.yarnpkg.com/invariant/-/invariant-2.2.4.tgz#610f3c92c9359ce1db616e538008d23ff35158e6"
    integrity sha512-phJfQVBuaJM5raOpJjSfkiD6BpbCE4Ns//LaXl6wGYtUBY83nWS6Rf9tXm2e8VaK60JEjYldbPif/A2B1C2gNA==
    dependencies:
      loose-envify "^1.0.0"
  
  is-negative-zero@^2.0.0:
    version "2.0.0"
    resolved "https://registry.yarnpkg.com/is-negative-zero/-/is-negative-zero-2.0.0.tgz#9553b121b0fac28869da9ed459e20c7543788461"
    integrity sha1-lVOxIbD6wohp2p7UWeIMdUN4hGE=
  
  is-stream@^1.0.1:
    version "1.1.0"
    resolved "https://registry.yarnpkg.com/is-stream/-/is-stream-1.1.0.tgz#12d4a3dd4e68e0b79ceb8dbc84173ae80d91ca44"
    integrity sha1-EtSj3U5o4Lec6428hBc66A2RykQ=
  
  ismobilejs@^0.5.1:
    version "0.5.1"
    resolved "https://registry.yarnpkg.com/ismobilejs/-/ismobilejs-0.5.1.tgz#0e3f825e29e32f84ad5ddbb60e9e04a894046488"
    integrity sha512-QX4STsOcBYqlTjVGuAdP1MiRVxtiUbRHOKH0v7Gn1EvfUVIQnrSdgCM4zB4VCZuIejnb2NUMUx0Bwd3EIG6yyA==
  
  isomorphic-fetch@^2.1.1:
    version "2.2.1"
    resolved "https://registry.yarnpkg.com/isomorphic-fetch/-/isomorphic-fetch-2.2.1.tgz#611ae1acf14f5e81f729507472819fe9733558a9"
    integrity sha1-YRrhrPFPXoH3KVB0coGf6XM1WKk=
    dependencies:
      node-fetch "^1.0.1"
      whatwg-fetch ">=0.10.0"
  
  js-levenshtein@^1.1.3:
    version "1.1.6"
    resolved "https://registry.yarnpkg.com/js-levenshtein/-/js-levenshtein-1.1.6.tgz#c6cee58eb3550372df8deb85fad5ce66ce01d59d"
    integrity sha512-X2BB11YZtrRqY4EnQcLX5Rh373zbK4alC1FW7D7MBhL2gtcC17cTnr6DmfHZeS0s2rTHjUTMMHfG7gO8SSdw+g==
  
  "js-tokens@^3.0.0 || ^4.0.0", js-tokens@^4.0.0:
    version "4.0.0"
    resolved "https://registry.yarnpkg.com/js-tokens/-/js-tokens-4.0.0.tgz#19203fb59991df98e3a287050d4647cdeaf32499"
    integrity sha512-RdJUflcE3cUzKiMqQgsCu06FPu9UdIJO0beYbPhHN4k6apgJtifcoCtT9bcxOpYBtpD2kCM6Sbzg4CausW/PKQ==
  
  jsesc@^2.5.1:
    version "2.5.2"
    resolved "https://registry.yarnpkg.com/jsesc/-/jsesc-2.5.2.tgz#80564d2e483dacf6e8ef209650a67df3f0c283a4"
    integrity sha512-OYu7XEzjkCQ3C5Ps3QIZsQfNpqoJyZZA99wd9aWd05NCtC5pWOkShK2mkL6HXQR6/Cy2lbNdPlZBpuQHXE63gA==
  
  jsesc@~0.5.0:
    version "0.5.0"
    resolved "https://registry.yarnpkg.com/jsesc/-/jsesc-0.5.0.tgz#e7dee66e35d6fc16f710fe91d5cf69f70f08911d"
    integrity sha1-597mbjXW/Bb3EP6R1c9p9w8IkR0=
  
  json2mq@^0.2.0:
    version "0.2.0"
    resolved "https://registry.yarnpkg.com/json2mq/-/json2mq-0.2.0.tgz#b637bd3ba9eabe122c83e9720483aeb10d2c904a"
    integrity sha1-tje9O6nqvhIsg+lyBIOusQ0skEo=
    dependencies:
      string-convert "^0.2.0"
  
  json5@^2.1.0:
    version "2.1.0"
    resolved "https://registry.yarnpkg.com/json5/-/json5-2.1.0.tgz#e7a0c62c48285c628d20a10b85c89bb807c32850"
    integrity sha512-8Mh9h6xViijj36g7Dxi+Y4S6hNGV96vcJZr/SrlHh1LR/pEn/8j/+qIBbs44YKl69Lrfctp4QD+AdWLTMqEZAQ==
    dependencies:
      minimist "^1.2.0"
  
  lodash._getnative@^3.0.0:
    version "3.9.1"
    resolved "https://registry.yarnpkg.com/lodash._getnative/-/lodash._getnative-3.9.1.tgz#570bc7dede46d61cdcde687d65d3eecbaa3aaff5"
    integrity sha1-VwvH3t5G1hzc3mh9ZdPuy6o6r/U=
  
  lodash.debounce@^4.0.0, lodash.debounce@^4.0.8:
    version "4.0.8"
    resolved "https://registry.yarnpkg.com/lodash.debounce/-/lodash.debounce-4.0.8.tgz#82d79bff30a67c4005ffd5e2515300ad9ca4d7af"
    integrity sha1-gteb/zCmfEAF/9XiUVMArZyk168=
  
  lodash.isarguments@^3.0.0:
    version "3.1.0"
    resolved "https://registry.yarnpkg.com/lodash.isarguments/-/lodash.isarguments-3.1.0.tgz#2f573d85c6a24289ff00663b491c1d338ff3458a"
    integrity sha1-L1c9hcaiQon/AGY7SRwdM4/zRYo=
  
  lodash.isarray@^3.0.0:
    version "3.0.4"
    resolved "https://registry.yarnpkg.com/lodash.isarray/-/lodash.isarray-3.0.4.tgz#79e4eb88c36a8122af86f844aa9bcd851b5fbb55"
    integrity sha1-eeTriMNqgSKvhvhEqpvNhRtfu1U=
  
  lodash.keys@^3.1.2:
    version "3.1.2"
    resolved "https://registry.yarnpkg.com/lodash.keys/-/lodash.keys-3.1.2.tgz#4dbc0472b156be50a0b286855d1bd0b0c656098a"
    integrity sha1-TbwEcrFWvlCgsoaFXRvQsMZWCYo=
    dependencies:
      lodash._getnative "^3.0.0"
      lodash.isarguments "^3.0.0"
      lodash.isarray "^3.0.0"
  
  lodash.throttle@^4.0.0:
    version "4.1.1"
    resolved "https://registry.yarnpkg.com/lodash.throttle/-/lodash.throttle-4.1.1.tgz#c23e91b710242ac70c37f1e1cda9274cc39bf2f4"
    integrity sha1-wj6RtxAkKscMN/HhzaknTMOb8vQ=
  
  lodash@^4.16.5, lodash@^4.17.10, lodash@^4.17.11, lodash@^4.17.4, lodash@^4.17.5:
    version "4.17.11"
    resolved "https://registry.yarnpkg.com/lodash/-/lodash-4.17.11.tgz#b39ea6229ef607ecd89e2c8df12536891cac9b8d"
    integrity sha512-cQKh8igo5QUhZ7lg38DYWAxMvjSAKG0A8wGSVimP07SIUEK2UO+arSRKbRZWtelMtN5V0Hkwh5ryOto/SshYIg==
  
  loose-envify@^1.0.0, loose-envify@^1.1.0, loose-envify@^1.3.1, loose-envify@^1.4.0:
    version "1.4.0"
    resolved "https://registry.yarnpkg.com/loose-envify/-/loose-envify-1.4.0.tgz#71ee51fa7be4caec1a63839f7e682d8132d30caf"
    integrity sha512-lyuxPGr/Wfhrlem2CL/UcnUc1zcqKAImBDzukY7Y5F/yQiNdko6+fRLevlw1HgMySw7f611UIY408EtxRSoK3Q==
    dependencies:
      js-tokens "^3.0.0 || ^4.0.0"
  
  mini-store@^2.0.0:
    version "2.0.0"
    resolved "https://registry.yarnpkg.com/mini-store/-/mini-store-2.0.0.tgz#0843c048d6942ce55e3e78b1b67fc063022b5488"
    integrity sha512-EG0CuwpQmX+XL4QVS0kxNwHW5ftSbhygu1qxQH0pipugjnPkbvkalCdQbEihMwtQY6d3MTN+MS0q+aurs+RfLQ==
    dependencies:
      hoist-non-react-statics "^2.3.1"
      prop-types "^15.6.0"
      react-lifecycles-compat "^3.0.4"
      shallowequal "^1.0.2"
  
  minimist@^1.2.0:
    version "1.2.0"
    resolved "https://registry.yarnpkg.com/minimist/-/minimist-1.2.0.tgz#a35008b20f41383eec1fb914f4cd5df79a264284"
    integrity sha1-o1AIsg9BOD7sH7kU9M1d95omQoQ=
  
  moment@2.x, moment@^2.24.0:
    version "2.24.0"
    resolved "https://registry.yarnpkg.com/moment/-/moment-2.24.0.tgz#0d055d53f5052aa653c9f6eb68bb5d12bf5c2b5b"
    integrity sha512-bV7f+6l2QigeBBZSM/6yTNq4P2fNpSWj/0e7jQcy87A8e7o2nAfP/34/2ky5Vw4B9S446EtIhodAzkFCcR4dQg==
  
  ms@^2.1.1:
    version "2.1.1"
    resolved "https://registry.yarnpkg.com/ms/-/ms-2.1.1.tgz#30a5864eb3ebb0a66f2ebe6d727af06a09d86e0a"
    integrity sha512-tgp+dl5cGk28utYktBsrFqA7HKgrhgPsg6Z/EfhWI4gl1Hwq8B/GmY/0oXZ6nF8hDVesS/FpnYaD/kOWhYQvyg==
  
  mutationobserver-shim@^0.3.2:
    version "0.3.3"
    resolved "https://registry.yarnpkg.com/mutationobserver-shim/-/mutationobserver-shim-0.3.3.tgz#65869630bc89d7bf8c9cd9cb82188cd955aacd2b"
    integrity sha512-gciOLNN8Vsf7YzcqRjKzlAJ6y7e+B86u7i3KXes0xfxx/nfLmozlW1Vn+Sc9x3tPIePFgc1AeIFhtRgkqTjzDQ==
  
  node-fetch@^1.0.1:
    version "1.7.3"
    resolved "https://registry.yarnpkg.com/node-fetch/-/node-fetch-1.7.3.tgz#980f6f72d85211a5347c6b2bc18c5b84c3eb47ef"
    integrity sha512-NhZ4CsKx7cYm2vSrBAr2PvFOe6sWDf0UYLRqA6svUYg7+/TSfVAu49jYC4BvQ4Sms9SZgdqGBgroqfDhJdTyKQ==
    dependencies:
      encoding "^0.1.11"
      is-stream "^1.0.1"
  
  node-releases@^1.1.3:
    version "1.1.7"
    resolved "https://registry.yarnpkg.com/node-releases/-/node-releases-1.1.7.tgz#b09a10394d0ed8f7778f72bb861dde68b146303b"
    integrity sha512-bKdrwaqJUPHqlCzDD7so/R+Nk0jGv9a11ZhLrD9f6i947qGLrGAhU3OxRENa19QQmwzGy/g6zCDEuLGDO8HPvA==
    dependencies:
      semver "^5.3.0"
  
  object-assign@4.x, object-assign@^4.1.0, object-assign@^4.1.1:
    version "4.1.1"
    resolved "https://registry.yarnpkg.com/object-assign/-/object-assign-4.1.1.tgz#2109adc7965887cfc05cbbd442cac8bfbb360863"
    integrity sha1-IQmtx5ZYh8/AXLvUQsrIv7s2CGM=
  
  omit.js@^1.0.0:
    version "1.0.0"
    resolved "https://registry.yarnpkg.com/omit.js/-/omit.js-1.0.0.tgz#e013cb86a7517b9cf6f7cfb0ddb4297256a99288"
    integrity sha512-O1rwbvEfAdhtonTv+v6IQeMOKTi/wlHcXpI3hehyPDlujkjSBQC6Vtzg0mdy+v2KVDmuPf7hAbHlTBM6q1bUHQ==
    dependencies:
      babel-runtime "^6.23.0"
  
  path-parse@^1.0.6:
    version "1.0.6"
    resolved "https://registry.yarnpkg.com/path-parse/-/path-parse-1.0.6.tgz#d62dbb5679405d72c4737ec58600e9ddcf06d24c"
    integrity sha512-GSmOT2EbHrINBf9SR7CDELwlJ8AENk3Qn7OikK4nFYAu3Ote2+JYNVvkpAEQm3/TLNEJFD/xZJjzyxg3KBWOzw==
  
  path@^0.12.7:
    version "0.12.7"
    resolved "https://registry.yarnpkg.com/path/-/path-0.12.7.tgz#d4dc2a506c4ce2197eb481ebfcd5b36c0140b10f"
    integrity sha1-1NwqUGxM4hl+tIHr/NWzbAFAsQ8=
    dependencies:
      process "^0.11.1"
      util "^0.10.3"
  
  performance-now@^2.1.0:
    version "2.1.0"
    resolved "https://registry.yarnpkg.com/performance-now/-/performance-now-2.1.0.tgz#6309f4e0e5fa913ec1c69307ae364b4b377c9e7b"
    integrity sha1-Ywn04OX6kT7BxpMHrjZLSzd8nns=
  
  prettier@^1.14.3:
    version "1.16.4"
    resolved "https://registry.yarnpkg.com/prettier/-/prettier-1.16.4.tgz#73e37e73e018ad2db9c76742e2647e21790c9717"
    integrity sha512-ZzWuos7TI5CKUeQAtFd6Zhm2s6EpAD/ZLApIhsF9pRvRtM1RFo61dM/4MSRUA0SuLugA/zgrZD8m0BaY46Og7g==
  
  private@^0.1.6:
    version "0.1.8"
    resolved "https://registry.yarnpkg.com/private/-/private-0.1.8.tgz#2381edb3689f7a53d653190060fcf822d2f368ff"
    integrity sha512-VvivMrbvd2nKkiG38qjULzlc+4Vx4wm/whI9pQD35YrARNnhxeiRktSOhSukRLFNlzg6Br/cJPet5J/u19r/mg==
  
  process@^0.11.1:
    version "0.11.10"
    resolved "https://registry.yarnpkg.com/process/-/process-0.11.10.tgz#7332300e840161bda3e69a1d1d91a7d4bc16f182"
    integrity sha1-czIwDoQBYb2j5podHZGn1LwW8YI=
  
  promise@^7.1.1:
    version "7.3.1"
    resolved "https://registry.yarnpkg.com/promise/-/promise-7.3.1.tgz#064b72602b18f90f29192b8b1bc418ffd1ebd3bf"
    integrity sha512-nolQXZ/4L+bP/UGlkfaIujX9BKxGwmQ9OT4mOt5yvy8iK1h3wqTEJCijzGANTCCl9nWjY41juyAn2K3Q1hLLTg==
    dependencies:
      asap "~2.0.3"
  
  prop-types@15.x, prop-types@^15.5.0, prop-types@^15.5.10, prop-types@^15.5.4, prop-types@^15.5.6, prop-types@^15.5.7, prop-types@^15.5.8, prop-types@^15.5.9, prop-types@^15.6.0, prop-types@^15.6.2:
    version "15.7.2"
    resolved "https://registry.yarnpkg.com/prop-types/-/prop-types-15.7.2.tgz#52c41e75b8c87e72b9d9360e0206b99dcbffa6c5"
    integrity sha512-8QQikdH7//R2vurIJSutZ1smHYTcLpRWEOlHnzcWHmBYrOGUysKwSsrC89BCiFj3CbrfJ/nXFdJepOVrY1GCHQ==
    dependencies:
      loose-envify "^1.4.0"
      object-assign "^4.1.1"
      react-is "^16.8.1"
  
  raf@^3.4.0, raf@^3.4.1:
    version "3.4.1"
    resolved "https://registry.yarnpkg.com/raf/-/raf-3.4.1.tgz#0742e99a4a6552f445d73e3ee0328af0ff1ede39"
    integrity sha512-Sq4CW4QhwOHE8ucn6J34MqtZCeWFP2aQSmrlroYgqAV1PjStIhJXxYuTgUIfkEk7zTLjmIjLmU5q+fbD1NnOJA==
    dependencies:
      performance-now "^2.1.0"
  
  rc-align@^2.4.0, rc-align@^2.4.1:
    version "2.4.5"
    resolved "https://registry.yarnpkg.com/rc-align/-/rc-align-2.4.5.tgz#c941a586f59d1017f23a428f0b468663fb7102ab"
    integrity sha512-nv9wYUYdfyfK+qskThf4BQUSIadeI/dCsfaMZfNEoxm9HwOIioQ+LyqmMK6jWHAZQgOzMLaqawhuBXlF63vgjw==
    dependencies:
      babel-runtime "^6.26.0"
      dom-align "^1.7.0"
      prop-types "^15.5.8"
      rc-util "^4.0.4"
  
  rc-animate@2.x, rc-animate@^2.3.0, rc-animate@^2.5.4:
    version "2.6.0"
    resolved "https://registry.yarnpkg.com/rc-animate/-/rc-animate-2.6.0.tgz#ca8440d042781af7a1329d84f97ea94794c5ec15"
    integrity sha512-JXDycchgbOI+7T/VKmFWnAIn042LLScK1fNkmNunb0jz5q5aPGCAybx2bTo7X5t31Jkj9OsxKNb/vZPDPWufCg==
    dependencies:
      babel-runtime "6.x"
      classnames "^2.2.6"
      css-animation "^1.3.2"
      prop-types "15.x"
      raf "^3.4.0"
      react-lifecycles-compat "^3.0.4"
  
  rc-animate@^3.0.0-rc.1, rc-animate@^3.0.0-rc.4, rc-animate@^3.0.0-rc.5:
    version "3.0.0-rc.6"
    resolved "https://registry.yarnpkg.com/rc-animate/-/rc-animate-3.0.0-rc.6.tgz#04288eefa118e0cae214536c8a903ffaac1bc3fb"
    integrity sha512-oBLPpiT6Q4t6YvD/pkLcmofBP1p01TX0Otse8Q4+Mxt8J+VSDflLZGIgf62EwkvRwsQUkLPjZVFBsldnPKLzjg==
    dependencies:
      babel-runtime "6.x"
      classnames "^2.2.5"
      component-classes "^1.2.6"
      fbjs "^0.8.16"
      prop-types "15.x"
      raf "^3.4.0"
      rc-util "^4.5.0"
      react-lifecycles-compat "^3.0.4"
  
  rc-calendar@~9.10.3:
    version "9.10.9"
    resolved "https://registry.yarnpkg.com/rc-calendar/-/rc-calendar-9.10.9.tgz#8c0d56da4ff98d14360d97c85b1f7943afbda4f9"
    integrity sha512-PSDMKtsLDowGi+Letc+RQU2z07rA6XW2iiQDI6QR3Cp+3fI25eASvuiI7iEX6tezgAJDeA4eggKyhtGBQvNbjQ==
    dependencies:
      babel-runtime "6.x"
      classnames "2.x"
      moment "2.x"
      prop-types "^15.5.8"
      rc-trigger "^2.2.0"
      rc-util "^4.1.1"
      react-lifecycles-compat "^3.0.4"
  
  rc-cascader@~0.17.0:
    version "0.17.1"
    resolved "https://registry.yarnpkg.com/rc-cascader/-/rc-cascader-0.17.1.tgz#914481c3370b5fd8f82e4f9df9b6596dfeda14d5"
    integrity sha512-JED1iOLpj1+uob+0Asd4zwhhMRp3gLs2iYOY2/0OsdEsPc8Qj6TUwj8+isVtqyXiwGWG3vo8XgO6KCM/i7ZFqQ==
    dependencies:
      array-tree-filter "^2.1.0"
      prop-types "^15.5.8"
      rc-trigger "^2.2.0"
      rc-util "^4.0.4"
      react-lifecycles-compat "^3.0.4"
      shallow-equal "^1.0.0"
      warning "^4.0.1"
  
  rc-checkbox@~2.1.5:
    version "2.1.6"
    resolved "https://registry.yarnpkg.com/rc-checkbox/-/rc-checkbox-2.1.6.tgz#5dc00653e5277018c431fec55e38b91c1f976e90"
    integrity sha512-+VxQbt2Cwe1PxCvwosrAYXT6EQeGwrbLJB2K+IPGCSRPCKnk9zcub/0eW8A4kxjyyfh60PkwsAUZ7qmB31OmRA==
    dependencies:
      babel-runtime "^6.23.0"
      classnames "2.x"
      prop-types "15.x"
      rc-util "^4.0.4"
  
  rc-collapse@~1.10.2:
    version "1.10.3"
    resolved "https://registry.yarnpkg.com/rc-collapse/-/rc-collapse-1.10.3.tgz#a223198b465c8badfa9c0bdf61d6294bdf382f66"
    integrity sha512-uGZpSwTnKw9lZ4ODTqU3u4d6OcdAG0uB6lwSRNDISVdsDX8oMXULULqvFyM8UrgOkQFqU6klch78hyVE8+gFfA==
    dependencies:
      classnames "2.x"
      css-animation "1.x"
      prop-types "^15.5.6"
      rc-animate "2.x"
      react-is "^16.7.0"
      shallowequal "^1.1.0"
  
  rc-dialog@~7.3.0:
    version "7.3.0"
    resolved "https://registry.yarnpkg.com/rc-dialog/-/rc-dialog-7.3.0.tgz#d5b8c4bb4f4b2ac38bb5a839ab9e255b8a88b1ac"
    integrity sha512-YLQHqZuU0cO02LUwhCsCCtvSw24SKLrT4DkNHCNGGcH9YpZP/IOFaH4zVUmXGEQiwyt0D1f3volHthMCKzLzMg==
    dependencies:
      babel-runtime "6.x"
      rc-animate "2.x"
      rc-util "^4.4.0"
  
  rc-drawer@~1.7.6:
    version "1.7.7"
    resolved "https://registry.yarnpkg.com/rc-drawer/-/rc-drawer-1.7.7.tgz#b014d1de52457c85c4f3e1f0d647a54031dd260c"
    integrity sha512-7dESNkClYdWGSdBdwcfeOz6DUCqzrW44QT013fsTBJIiWNLSLgDV5KoHKXG8VTJWU4mBn7M5Lqgyr94CRZcxGA==
    dependencies:
      babel-runtime "6.x"
      classnames "^2.2.5"
      prop-types "^15.5.0"
      rc-util "^4.5.1"
  
  rc-dropdown@~2.4.1:
    version "2.4.1"
    resolved "https://registry.yarnpkg.com/rc-dropdown/-/rc-dropdown-2.4.1.tgz#aaef6eb3a5152cdd9982895c2a78d9b5f046cdec"
    integrity sha512-p0XYn0wrOpAZ2fUGE6YJ6U8JBNc5ASijznZ6dkojdaEfQJAeZtV9KMEewhxkVlxGSbbdXe10ptjBlTEW9vEwEg==
    dependencies:
      babel-runtime "^6.26.0"
      classnames "^2.2.6"
      prop-types "^15.5.8"
      rc-trigger "^2.5.1"
      react-lifecycles-compat "^3.0.2"
  
  rc-editor-core@~0.8.3:
    version "0.8.8"
    resolved "https://registry.yarnpkg.com/rc-editor-core/-/rc-editor-core-0.8.8.tgz#331034cb8d50df218839fb399cdfb2a913e71630"
    integrity sha512-4zT4Z8BtQSDcdh9mGXrsVCzUXmXKpe2U2VJSKOAErh5J4yTzJxSOfJon+nHxZyJZEKXg7rZvwrnhogXZzYNIng==
    dependencies:
      babel-runtime "^6.26.0"
      classnames "^2.2.5"
      draft-js "^0.10.0"
      immutable "^3.7.4"
      lodash "^4.16.5"
      prop-types "^15.5.8"
      setimmediate "^1.0.5"
  
  rc-editor-mention@^1.1.7:
    version "1.1.12"
    resolved "https://registry.yarnpkg.com/rc-editor-mention/-/rc-editor-mention-1.1.12.tgz#896bcb172112f18812e96fdd33ba603c0fc7306a"
    integrity sha512-cPm2rQ7P+hXaKMsO0ajVv08QlTDcSPVtw8/lVr9D+QzQKRPChCqLw9rVGOa4YGYTeS3gVe8lBfLr8a9JKFk3gA==
    dependencies:
      babel-runtime "^6.23.0"
      classnames "^2.2.5"
      dom-scroll-into-view "^1.2.0"
      draft-js "~0.10.0"
      immutable "^3.7.4"
      prop-types "^15.5.8"
      rc-animate "^2.3.0"
      rc-editor-core "~0.8.3"
  
  rc-form@^2.4.0:
    version "2.4.2"
    resolved "https://registry.yarnpkg.com/rc-form/-/rc-form-2.4.2.tgz#b32a84b80c8201087bbb7e1b54fd75527bce2230"
    integrity sha512-1UeBuKBH9V5W9KxE48ecGAj5//kSt6F+AHB2vBxGRy1cZL+A5L9cKfI3HwsFpRa/ty6vaUAlGfq2xytQqN8enA==
    dependencies:
      async-validator "~1.8.5"
      babel-runtime "6.x"
      create-react-class "^15.5.3"
      dom-scroll-into-view "1.x"
      hoist-non-react-statics "^3.3.0"
      lodash "^4.17.4"
      warning "^4.0.3"
  
  rc-hammerjs@~0.6.0:
    version "0.6.9"
    resolved "https://registry.yarnpkg.com/rc-hammerjs/-/rc-hammerjs-0.6.9.tgz#9a4ddbda1b2ec8f9b9596091a6a989842a243907"
    integrity sha512-4llgWO3RgLyVbEqUdGsDfzUDqklRlQW5VEhE3x35IvhV+w//VPRG34SBavK3D2mD/UaLKaohgU41V4agiftC8g==
    dependencies:
      babel-runtime "6.x"
      hammerjs "^2.0.8"
      prop-types "^15.5.9"
  
  rc-input-number@~4.3.7:
    version "4.3.9"
    resolved "https://registry.yarnpkg.com/rc-input-number/-/rc-input-number-4.3.9.tgz#35994556ebda84b7e6b1fb479784844b6b4a738a"
    integrity sha512-u2ioYqAwHIbDpp6sUEIOv8kqQw8e7VfTR6Kn+wJYff7TBA3Zw2Ql9I4DQniuLXglCJzDiHqG1OR5v3kN3GrD4w==
    dependencies:
      babel-runtime "6.x"
      classnames "^2.2.0"
      is-negative-zero "^2.0.0"
      prop-types "^15.5.7"
      rc-util "^4.5.1"
      rmc-feedback "^2.0.0"
  
  rc-menu@^7.3.0, rc-menu@~7.4.12:
    version "7.4.21"
    resolved "https://registry.yarnpkg.com/rc-menu/-/rc-menu-7.4.21.tgz#8a728afd8db81312c913511b6502d9de596d72fd"
    integrity sha512-TfcwybKLuw2WhEkplYH7iFMGlDbH6KhPcd+gv5J2oLQcgiGeUECzyOWSVaFRRlkpB7g2eNzXbha/AXN/Xyzvnw==
    dependencies:
      babel-runtime "6.x"
      classnames "2.x"
      dom-scroll-into-view "1.x"
      ismobilejs "^0.5.1"
      mini-store "^2.0.0"
      mutationobserver-shim "^0.3.2"
      prop-types "^15.5.6"
      rc-animate "2.x"
      rc-trigger "^2.3.0"
      rc-util "^4.1.0"
      resize-observer-polyfill "^1.5.0"
  
  rc-notification@~3.3.0:
    version "3.3.1"
    resolved "https://registry.yarnpkg.com/rc-notification/-/rc-notification-3.3.1.tgz#0baa3e70f8d40ab015ce8fa78c260c490fc7beb4"
    integrity sha512-U5+f4BmBVfMSf3OHSLyRagsJ74yKwlrQAtbbL5ijoA0F2C60BufwnOcHG18tVprd7iaIjzZt1TKMmQSYSvgrig==
    dependencies:
      babel-runtime "6.x"
      classnames "2.x"
      prop-types "^15.5.8"
      rc-animate "2.x"
      rc-util "^4.0.4"
  
  rc-pagination@~1.17.7:
    version "1.17.8"
    resolved "https://registry.yarnpkg.com/rc-pagination/-/rc-pagination-1.17.8.tgz#65583bebe13fffe4de7f418e1a6c86374ceabceb"
    integrity sha512-duEV+K/b/nZNGr943+TMCEcY4xWkjAkpKW0Vr7fSR8wQk0DY7aTJC+k+vjl4X2EzEmPXqy85hibzpsO9vydKAw==
    dependencies:
      babel-runtime "6.x"
      prop-types "^15.5.7"
      react-lifecycles-compat "^3.0.4"
  
  rc-progress@~2.3.0:
    version "2.3.0"
    resolved "https://registry.yarnpkg.com/rc-progress/-/rc-progress-2.3.0.tgz#cfbd07ff9026c450100980de209a92650e24f313"
    integrity sha512-hYBKFSsNgD7jsF8j+ZC1J8y5UIC2X/ktCYI/OQhQNSX6mGV1IXnUCjAd9gbLmzmpChPvKyymRNfckScUNiTpFQ==
    dependencies:
      babel-runtime "6.x"
      prop-types "^15.5.8"
  
  rc-rate@~2.5.0:
    version "2.5.0"
    resolved "https://registry.yarnpkg.com/rc-rate/-/rc-rate-2.5.0.tgz#72d4984a03d0a7a0e6779c7a79efcea27626abf6"
    integrity sha512-aXX5klRqbVZxvLghcKnLqqo7LvLVCHswEDteWsm5Gb7NBIPa1YKTcAbvb5SZ4Z4i4EeRoZaPwygRAWsQgGtbKw==
    dependencies:
      classnames "^2.2.5"
      prop-types "^15.5.8"
      rc-util "^4.3.0"
      react-lifecycles-compat "^3.0.4"
  
  rc-select@^8.6.7:
    version "8.8.3"
    resolved "https://registry.yarnpkg.com/rc-select/-/rc-select-8.8.3.tgz#87ec0f3e119af1caac21a9489110669eef30c662"
    integrity sha512-YOfOWlcnWSeBatUcsn4RWocDsNUfrPNa16j1oHDlitCbpro+3BmH62FHrtA1iwdo25aF0L/5h6KICD6+RtiGxw==
    dependencies:
      babel-runtime "^6.23.0"
      classnames "2.x"
      component-classes "1.x"
      dom-scroll-into-view "1.x"
      prop-types "^15.5.8"
      raf "^3.4.0"
      rc-animate "2.x"
      rc-menu "^7.3.0"
      rc-trigger "^2.5.4"
      rc-util "^4.0.4"
      react-lifecycles-compat "^3.0.2"
      warning "^4.0.2"
  
  rc-slider@~8.6.5:
    version "8.6.5"
    resolved "https://registry.yarnpkg.com/rc-slider/-/rc-slider-8.6.5.tgz#4bc90b8adfa6d46430a887f63cf70b88b43070a8"
    integrity sha512-/wcfWHbQVu5qiK+nY4a+j/F7JrxPw81UhNARK6iooBNQGsCq0CJjKLCVAOPtDa9QPGNR3l5Kda+nsKJ/rbZNDw==
    dependencies:
      babel-runtime "6.x"
      classnames "^2.2.5"
      prop-types "^15.5.4"
      rc-tooltip "^3.7.0"
      rc-util "^4.0.4"
      shallowequal "^1.0.1"
      warning "^3.0.0"
  
  rc-steps@~3.3.0:
    version "3.3.1"
    resolved "https://registry.yarnpkg.com/rc-steps/-/rc-steps-3.3.1.tgz#4877e2897331e3bfdb6b789e88aea78f4f15f732"
    integrity sha512-LGzmPYS9ETePo+6YbHlFukCdcKppeBZXO49ZxewaC7Cba00q0zrMXlexquZ4fm+9iz0IkpzwgmenvjsVWCmGOw==
    dependencies:
      babel-runtime "^6.23.0"
      classnames "^2.2.3"
      lodash "^4.17.5"
      prop-types "^15.5.7"
  
  rc-switch@~1.9.0:
    version "1.9.0"
    resolved "https://registry.yarnpkg.com/rc-switch/-/rc-switch-1.9.0.tgz#ab2b878f2713c681358a453391976c9b95b290f7"
    integrity sha512-Isas+egaK6qSk64jaEw4GgPStY4umYDbT7ZY93bZF1Af+b/JEsKsJdNOU2qG3WI0Z6tXo2DDq0kJCv8Yhu0zww==
    dependencies:
      classnames "^2.2.1"
      prop-types "^15.5.6"
      react-lifecycles-compat "^3.0.4"
  
  rc-table@~6.4.0:
    version "6.4.3"
    resolved "https://registry.yarnpkg.com/rc-table/-/rc-table-6.4.3.tgz#c84bdf3f45c123f40790e93a2a241b62f6b1e59f"
    integrity sha512-4/f7mS87EtNxM2vhIaA7I1J8hPZ5OiOQwmjac7RJTmGOFVA8PJDGwEipeyU/eC9RM7f3v4Lc+a05KCfIbRU4tg==
    dependencies:
      babel-runtime "6.x"
      classnames "^2.2.5"
      component-classes "^1.2.6"
      lodash "^4.17.5"
      mini-store "^2.0.0"
      prop-types "^15.5.8"
      rc-util "^4.0.4"
      react-lifecycles-compat "^3.0.2"
      shallowequal "^1.0.2"
      warning "^3.0.0"
  
  rc-tabs@~9.6.0:
    version "9.6.0"
    resolved "https://registry.yarnpkg.com/rc-tabs/-/rc-tabs-9.6.0.tgz#b212a85f58384897b09f52dd3ee6701fff7fccd5"
    integrity sha512-Ql1p23rR41I8gJf0EZPA0VTxw4kVfw1rfnufBFvqhq3wkfvojxg6EgDK9I6h7qbUMc1KyDrhRYUzKrDshJ06Bg==
    dependencies:
      babel-runtime "6.x"
      classnames "2.x"
      create-react-context "0.2.2"
      lodash "^4.17.5"
      prop-types "15.x"
      raf "^3.4.1"
      rc-hammerjs "~0.6.0"
      rc-util "^4.0.4"
      warning "^3.0.0"
  
  rc-time-picker@~3.6.1:
    version "3.6.2"
    resolved "https://registry.yarnpkg.com/rc-time-picker/-/rc-time-picker-3.6.2.tgz#fd7133390353c6cd29ec09aa6c9711ab59228f1c"
    integrity sha512-SyGEVXO0ImeG2mz+7fkVmDoVM0+OrX6uYGpKYijNr/lAah7c5p310ZR6fVrblXOl4TpqVnfWR67RMJ3twAyM7w==
    dependencies:
      classnames "2.x"
      moment "2.x"
      prop-types "^15.5.8"
      rc-trigger "^2.2.0"
  
  rc-tooltip@^3.7.0, rc-tooltip@~3.7.3:
    version "3.7.3"
    resolved "https://registry.yarnpkg.com/rc-tooltip/-/rc-tooltip-3.7.3.tgz#280aec6afcaa44e8dff0480fbaff9e87fc00aecc"
    integrity sha512-dE2ibukxxkrde7wH9W8ozHKUO4aQnPZ6qBHtrTH9LoO836PjDdiaWO73fgPB05VfJs9FbZdmGPVEbXCeOP99Ww==
    dependencies:
      babel-runtime "6.x"
      prop-types "^15.5.8"
      rc-trigger "^2.2.2"
  
  rc-tree-select@~2.5.0:
    version "2.5.3"
    resolved "https://registry.yarnpkg.com/rc-tree-select/-/rc-tree-select-2.5.3.tgz#17bce4851c24e746bf9e2211c509be1aaccdcd54"
    integrity sha512-PZeW2tNsl9cCGlUtPd+MMIypOkkc8dgM0CTJP5nun+xLVW/SyGQutZWj4CrOAqmjuws8sNeSv3+b9nJ7ZPkK2w==
    dependencies:
      classnames "^2.2.1"
      prop-types "^15.5.8"
      raf "^3.4.0"
      rc-animate "^3.0.0-rc.4"
      rc-tree "~1.14.3"
      rc-trigger "^3.0.0-rc.2"
      rc-util "^4.5.0"
      react-lifecycles-compat "^3.0.4"
      shallowequal "^1.0.2"
      warning "^4.0.1"
  
  rc-tree@~1.14.3, rc-tree@~1.14.6:
    version "1.14.9"
    resolved "https://registry.yarnpkg.com/rc-tree/-/rc-tree-1.14.9.tgz#a26634b401123471e187273dd2fd440de6b85958"
    integrity sha512-+B4657b3H0mTB4Jcd9EorydI1fevfJRukaTk/KYcbNzYhKgZFIEuT3PZrhJZoH/e+sBOEx04zSNA0uf6G6S/BA==
    dependencies:
      babel-runtime "^6.23.0"
      classnames "2.x"
      prop-types "^15.5.8"
      rc-animate "^3.0.0-rc.5"
      rc-util "^4.5.1"
      react-lifecycles-compat "^3.0.4"
      warning "^3.0.0"
  
  rc-trigger@^2.2.0, rc-trigger@^2.2.2, rc-trigger@^2.3.0, rc-trigger@^2.5.1, rc-trigger@^2.5.4, rc-trigger@^2.6.2:
    version "2.6.2"
    resolved "https://registry.yarnpkg.com/rc-trigger/-/rc-trigger-2.6.2.tgz#a9c09ba5fad63af3b2ec46349c7db6cb46657001"
    integrity sha512-op4xCu95/gdHVaysyxxiYxbY+Z+UcIBSUY9nQfLqm1FlitdtnAN+owD5iMPfnnsRXntgcQ5+RdYKNUFQT5DjzA==
    dependencies:
      babel-runtime "6.x"
      classnames "^2.2.6"
      prop-types "15.x"
      rc-align "^2.4.0"
      rc-animate "2.x"
      rc-util "^4.4.0"
  
  rc-trigger@^3.0.0-rc.2:
    version "3.0.0-rc.3"
    resolved "https://registry.yarnpkg.com/rc-trigger/-/rc-trigger-3.0.0-rc.3.tgz#35842df1674d25315e1426a44882a4c97652258b"
    integrity sha512-4vB6cpxcUdm2qO5VtB9q1TZz0MoWm9BzFLvGknulphGrl1qI6uxUsPDCvqnmujdpDdAKGGfjxntFpA7RtAwkFQ==
    dependencies:
      babel-runtime "6.x"
      classnames "^2.2.6"
      prop-types "15.x"
      raf "^3.4.0"
      rc-align "^2.4.1"
      rc-animate "^3.0.0-rc.1"
      rc-util "^4.4.0"
  
  rc-upload@~2.6.0:
    version "2.6.2"
    resolved "https://registry.yarnpkg.com/rc-upload/-/rc-upload-2.6.2.tgz#4858096d5dc24982594ec725003763176e754279"
    integrity sha512-oH0kqSmORwbnS/qY3KprAvV/Se8wvx84l2H7+mMnCkZwmLuJ6qHVBlbCNZkg7+EyE8aaZp9j744smG6hRi1Eew==
    dependencies:
      babel-runtime "6.x"
      classnames "^2.2.5"
      prop-types "^15.5.7"
      warning "2.x"
  
  rc-util@^4.0.4, rc-util@^4.1.0, rc-util@^4.1.1, rc-util@^4.3.0, rc-util@^4.4.0, rc-util@^4.5.0, rc-util@^4.5.1:
    version "4.6.0"
    resolved "https://registry.yarnpkg.com/rc-util/-/rc-util-4.6.0.tgz#ba33721783192ec4f3afb259e182b04e55deb7f6"
    integrity sha512-rbgrzm1/i8mgfwOI4t1CwWK7wGe+OwX+dNa7PVMgxZYPBADGh86eD4OcJO1UKGeajIMDUUKMluaZxvgraQIOmw==
    dependencies:
      add-dom-event-listener "^1.1.0"
      babel-runtime "6.x"
      prop-types "^15.5.10"
      shallowequal "^0.2.2"
  
  react-dom@^16.8.2:
    version "16.8.2"
    resolved "https://registry.yarnpkg.com/react-dom/-/react-dom-16.8.2.tgz#7c8a69545dd554d45d66442230ba04a6a0a3c3d3"
    integrity sha512-cPGfgFfwi+VCZjk73buu14pYkYBR1b/SRMSYqkLDdhSEHnSwcuYTPu6/Bh6ZphJFIk80XLvbSe2azfcRzNF+Xg==
    dependencies:
      loose-envify "^1.1.0"
      object-assign "^4.1.1"
      prop-types "^15.6.2"
      scheduler "^0.13.2"
  
  react-is@^16.7.0, react-is@^16.8.1:
    version "16.8.2"
    resolved "https://registry.yarnpkg.com/react-is/-/react-is-16.8.2.tgz#09891d324cad1cb0c1f2d91f70a71a4bee34df0f"
    integrity sha512-D+NxhSR2HUCjYky1q1DwpNUD44cDpUXzSmmFyC3ug1bClcU/iDNy0YNn1iwme28fn+NFhpA13IndOd42CrFb+Q==
  
  react-lazy-load@^3.0.13:
    version "3.0.13"
    resolved "https://registry.yarnpkg.com/react-lazy-load/-/react-lazy-load-3.0.13.tgz#3b0a92d336d43d3f0d73cbe6f35b17050b08b824"
    integrity sha1-OwqS0zbUPT8Nc8vm81sXBQsIuCQ=
    dependencies:
      eventlistener "0.0.1"
      lodash.debounce "^4.0.0"
      lodash.throttle "^4.0.0"
      prop-types "^15.5.8"
  
  react-lifecycles-compat@^3.0.2, react-lifecycles-compat@^3.0.4:
    version "3.0.4"
    resolved "https://registry.yarnpkg.com/react-lifecycles-compat/-/react-lifecycles-compat-3.0.4.tgz#4f1a273afdfc8f3488a8c516bfda78f872352362"
    integrity sha512-fBASbA6LnOU9dOU2eW7aQ8xmYBSXUIWr+UmF9b1efZBazGNO+rcXT/icdKnYm2pTwcRylVUYwW7H1PHfLekVzA==
  
  react-slick@~0.23.2:
    version "0.23.2"
    resolved "https://registry.yarnpkg.com/react-slick/-/react-slick-0.23.2.tgz#8d8bdbc77a6678e8ad36f50c32578c7c0f1c54f6"
    integrity sha512-fM6DXX7+22eOcYE9cgaXUfioZL/Zw6fwS6aPMDBt0kLHl4H4fFNEbp4JsJQdEWMLUNFtUytNcvd9KRml22Tp5w==
    dependencies:
      classnames "^2.2.5"
      enquire.js "^2.1.6"
      json2mq "^0.2.0"
      lodash.debounce "^4.0.8"
      prettier "^1.14.3"
      resize-observer-polyfill "^1.5.0"
  
  react@^16.8.2:
    version "16.8.2"
    resolved "https://registry.yarnpkg.com/react/-/react-16.8.2.tgz#83064596feaa98d9c2857c4deae1848b542c9c0c"
    integrity sha512-aB2ctx9uQ9vo09HVknqv3DGRpI7OIGJhCx3Bt0QqoRluEjHSaObJl+nG12GDdYH6sTgE7YiPJ6ZUyMx9kICdXw==
    dependencies:
      loose-envify "^1.1.0"
      object-assign "^4.1.1"
      prop-types "^15.6.2"
      scheduler "^0.13.2"
  
  regenerate-unicode-properties@^7.0.0:
    version "7.0.0"
    resolved "https://registry.yarnpkg.com/regenerate-unicode-properties/-/regenerate-unicode-properties-7.0.0.tgz#107405afcc4a190ec5ed450ecaa00ed0cafa7a4c"
    integrity sha512-s5NGghCE4itSlUS+0WUj88G6cfMVMmH8boTPNvABf8od+2dhT9WDlWu8n01raQAJZMOK8Ch6jSexaRO7swd6aw==
    dependencies:
      regenerate "^1.4.0"
  
  regenerate@^1.4.0:
    version "1.4.0"
    resolved "https://registry.yarnpkg.com/regenerate/-/regenerate-1.4.0.tgz#4a856ec4b56e4077c557589cae85e7a4c8869a11"
    integrity sha512-1G6jJVDWrt0rK99kBjvEtziZNCICAuvIPkSiUFIQxVP06RCVpq3dmDo2oi6ABpYaDYaTRr67BEhL8r1wgEZZKg==
  
  regenerator-runtime@^0.11.0:
    version "0.11.1"
    resolved "https://registry.yarnpkg.com/regenerator-runtime/-/regenerator-runtime-0.11.1.tgz#be05ad7f9bf7d22e056f9726cee5017fbf19e2e9"
    integrity sha512-MguG95oij0fC3QV3URf4V2SDYGJhJnJGqvIIgdECeODCT98wSWDAJ94SSuVpYQUoTcGUIL6L4yNB7j1DFFHSBg==
  
  regenerator-runtime@^0.12.0:
    version "0.12.1"
    resolved "https://registry.yarnpkg.com/regenerator-runtime/-/regenerator-runtime-0.12.1.tgz#fa1a71544764c036f8c49b13a08b2594c9f8a0de"
    integrity sha512-odxIc1/vDlo4iZcfXqRYFj0vpXFNoGdKMAUieAlFYO6m/nl5e9KR/beGf41z4a1FI+aQgtjhuaSlDxQ0hmkrHg==
  
  regenerator-transform@^0.13.3:
    version "0.13.3"
    resolved "https://registry.yarnpkg.com/regenerator-transform/-/regenerator-transform-0.13.3.tgz#264bd9ff38a8ce24b06e0636496b2c856b57bcbb"
    integrity sha512-5ipTrZFSq5vU2YoGoww4uaRVAK4wyYC4TSICibbfEPOruUu8FFP7ErV0BjmbIOEpn3O/k9na9UEdYR/3m7N6uA==
    dependencies:
      private "^0.1.6"
  
  regexp-tree@^0.1.0:
    version "0.1.5"
    resolved "https://registry.yarnpkg.com/regexp-tree/-/regexp-tree-0.1.5.tgz#7cd71fca17198d04b4176efd79713f2998009397"
    integrity sha512-nUmxvfJyAODw+0B13hj8CFVAxhe7fDEAgJgaotBu3nnR+IgGgZq59YedJP5VYTlkEfqjuK6TuRpnymKdatLZfQ==
  
  regexpu-core@^4.1.3, regexpu-core@^4.2.0:
    version "4.4.0"
    resolved "https://registry.yarnpkg.com/regexpu-core/-/regexpu-core-4.4.0.tgz#8d43e0d1266883969720345e70c275ee0aec0d32"
    integrity sha512-eDDWElbwwI3K0Lo6CqbQbA6FwgtCz4kYTarrri1okfkRLZAqstU+B3voZBCjg8Fl6iq0gXrJG6MvRgLthfvgOA==
    dependencies:
      regenerate "^1.4.0"
      regenerate-unicode-properties "^7.0.0"
      regjsgen "^0.5.0"
      regjsparser "^0.6.0"
      unicode-match-property-ecmascript "^1.0.4"
      unicode-match-property-value-ecmascript "^1.0.2"
  
  regjsgen@^0.5.0:
    version "0.5.0"
    resolved "https://registry.yarnpkg.com/regjsgen/-/regjsgen-0.5.0.tgz#a7634dc08f89209c2049adda3525711fb97265dd"
    integrity sha512-RnIrLhrXCX5ow/E5/Mh2O4e/oa1/jW0eaBKTSy3LaCj+M3Bqvm97GWDp2yUtzIs4LEn65zR2yiYGFqb2ApnzDA==
  
  regjsparser@^0.6.0:
    version "0.6.0"
    resolved "https://registry.yarnpkg.com/regjsparser/-/regjsparser-0.6.0.tgz#f1e6ae8b7da2bae96c99399b868cd6c933a2ba9c"
    integrity sha512-RQ7YyokLiQBomUJuUG8iGVvkgOLxwyZM8k6d3q5SAXpg4r5TZJZigKFvC6PpD+qQ98bCDC5YelPeA3EucDoNeQ==
    dependencies:
      jsesc "~0.5.0"
  
  resize-observer-polyfill@^1.5.0:
    version "1.5.1"
    resolved "https://registry.yarnpkg.com/resize-observer-polyfill/-/resize-observer-polyfill-1.5.1.tgz#0e9020dd3d21024458d4ebd27e23e40269810464"
    integrity sha512-LwZrotdHOo12nQuZlHEmtuXdqGoOD0OhaxopaNFxWzInpEgaLWoVuAMbTzixuosCx2nEG58ngzW3vxdWoxIgdg==
  
  resolve@^1.3.2:
    version "1.10.0"
    resolved "https://registry.yarnpkg.com/resolve/-/resolve-1.10.0.tgz#3bdaaeaf45cc07f375656dfd2e54ed0810b101ba"
    integrity sha512-3sUr9aq5OfSg2S9pNtPA9hL1FVEAjvfOC4leW0SNf/mpnaakz2a9femSd6LqAww2RaFctwyf1lCqnTHuF1rxDg==
    dependencies:
      path-parse "^1.0.6"
  
  rmc-feedback@^2.0.0:
    version "2.0.0"
    resolved "https://registry.yarnpkg.com/rmc-feedback/-/rmc-feedback-2.0.0.tgz#cbc6cb3ae63c7a635eef0e25e4fbaf5ac366eeaa"
    integrity sha512-5PWOGOW7VXks/l3JzlOU9NIxRpuaSS8d9zA3UULUCuTKnpwBHNvv1jSJzxgbbCQeYzROWUpgKI4za3X4C/mKmQ==
    dependencies:
      babel-runtime "6.x"
      classnames "^2.2.5"
  
  safe-buffer@~5.1.1:
    version "5.1.2"
    resolved "https://registry.yarnpkg.com/safe-buffer/-/safe-buffer-5.1.2.tgz#991ec69d296e0313747d59bdfd2b745c35f8828d"
    integrity sha512-Gd2UZBJDkXlY7GbJxfsE8/nvKkUEU1G38c1siN6QP6a9PT9MmHB8GnpscSmMJSoF8LOIrt8ud/wPtojys4G6+g==
  
  "safer-buffer@>= 2.1.2 < 3":
    version "2.1.2"
    resolved "https://registry.yarnpkg.com/safer-buffer/-/safer-buffer-2.1.2.tgz#44fa161b0187b9549dd84bb91802f9bd8385cd6a"
    integrity sha512-YZo3K82SD7Riyi0E1EQPojLz7kpepnSQI9IyPbHHg1XXXevb5dJI7tpyN2ADxGcQbHG7vcyRHk0cbwqcQriUtg==
  
  scheduler@^0.13.2:
    version "0.13.2"
    resolved "https://registry.yarnpkg.com/scheduler/-/scheduler-0.13.2.tgz#969eaee2764a51d2e97b20a60963b2546beff8fa"
    integrity sha512-qK5P8tHS7vdEMCW5IPyt8v9MJOHqTrOUgPXib7tqm9vh834ibBX5BNhwkplX/0iOzHW5sXyluehYfS9yrkz9+w==
    dependencies:
      loose-envify "^1.1.0"
      object-assign "^4.1.1"
  
  semver@^5.3.0, semver@^5.4.1:
    version "5.6.0"
    resolved "https://registry.yarnpkg.com/semver/-/semver-5.6.0.tgz#7e74256fbaa49c75aa7c7a205cc22799cac80004"
    integrity sha512-RS9R6R35NYgQn++fkDWaOmqGoj4Ek9gGs+DPxNUZKuwE183xjJroKvyo1IzVFeXvUrvmALy6FWD5xrdJT25gMg==
  
  setimmediate@^1.0.5:
    version "1.0.5"
    resolved "https://registry.yarnpkg.com/setimmediate/-/setimmediate-1.0.5.tgz#290cbb232e306942d7d7ea9b83732ab7856f8285"
    integrity sha1-KQy7Iy4waULX1+qbg3Mqt4VvgoU=
  
  shallow-equal@^1.0.0:
    version "1.1.0"
    resolved "https://registry.yarnpkg.com/shallow-equal/-/shallow-equal-1.1.0.tgz#cc022f030dcba0d1c198abf658a3c6c744e171ca"
    integrity sha512-0SW1nWo1hnabO62SEeHsl8nmTVVEzguVWZCj5gaQrgWAxz/BaCja4OWdJBWLVPDxdtE/WU7c98uUCCXyPHSCvw==
  
  shallowequal@^0.2.2:
    version "0.2.2"
    resolved "https://registry.yarnpkg.com/shallowequal/-/shallowequal-0.2.2.tgz#1e32fd5bcab6ad688a4812cb0cc04efc75c7014e"
    integrity sha1-HjL9W8q2rWiKSBLLDMBO/HXHAU4=
    dependencies:
      lodash.keys "^3.1.2"
  
  shallowequal@^1.0.1, shallowequal@^1.0.2, shallowequal@^1.1.0:
    version "1.1.0"
    resolved "https://registry.yarnpkg.com/shallowequal/-/shallowequal-1.1.0.tgz#188d521de95b9087404fd4dcb68b13df0ae4e7f8"
    integrity sha512-y0m1JoUZSlPAjXVtPPW70aZWfIL/dSP7AFkRnniLCrK/8MDKog3TySTBmckD+RObVxH0v4Tox67+F14PdED2oQ==
  
  source-map@^0.5.0:
    version "0.5.7"
    resolved "https://registry.yarnpkg.com/source-map/-/source-map-0.5.7.tgz#8a039d2d1021d22d1ea14c80d8ea468ba2ef3fcc"
    integrity sha1-igOdLRAh0i0eoUyA2OpGi6LvP8w=
  
  string-convert@^0.2.0:
    version "0.2.1"
    resolved "https://registry.yarnpkg.com/string-convert/-/string-convert-0.2.1.tgz#6982cc3049fbb4cd85f8b24568b9d9bf39eeff97"
    integrity sha1-aYLMMEn7tM2F+LJFaLnZvznu/5c=
  
  supports-color@^5.3.0:
    version "5.5.0"
    resolved "https://registry.yarnpkg.com/supports-color/-/supports-color-5.5.0.tgz#e2e69a44ac8772f78a1ec0b35b689df6530efc8f"
    integrity sha512-QjVjwdXIt408MIiAqCX4oUKsgU2EqAGzs2Ppkm4aQYbjm+ZEWEcW4SfFNTr4uMNZma0ey4f5lgLrkB0aX0QMow==
    dependencies:
      has-flag "^3.0.0"
  
  tinycolor2@^1.4.1:
    version "1.4.1"
    resolved "https://registry.yarnpkg.com/tinycolor2/-/tinycolor2-1.4.1.tgz#f4fad333447bc0b07d4dc8e9209d8f39a8ac77e8"
    integrity sha1-9PrTM0R7wLB9TcjpIJ2POaisd+g=
  
  to-fast-properties@^2.0.0:
    version "2.0.0"
    resolved "https://registry.yarnpkg.com/to-fast-properties/-/to-fast-properties-2.0.0.tgz#dc5e698cbd079265bc73e0377681a4e4e83f616e"
    integrity sha1-3F5pjL0HkmW8c+A3doGk5Og/YW4=
  
  trim-right@^1.0.1:
    version "1.0.1"
    resolved "https://registry.yarnpkg.com/trim-right/-/trim-right-1.0.1.tgz#cb2e1203067e0c8de1f614094b9fe45704ea6003"
    integrity sha1-yy4SAwZ+DI3h9hQJS5/kVwTqYAM=
  
  ua-parser-js@^0.7.18:
    version "0.7.19"
    resolved "https://registry.yarnpkg.com/ua-parser-js/-/ua-parser-js-0.7.19.tgz#94151be4c0a7fb1d001af7022fdaca4642659e4b"
    integrity sha512-T3PVJ6uz8i0HzPxOF9SWzWAlfN/DavlpQqepn22xgve/5QecC+XMCAtmUNnY7C9StehaV6exjUCI801lOI7QlQ==
  
  unicode-canonical-property-names-ecmascript@^1.0.4:
    version "1.0.4"
    resolved "https://registry.yarnpkg.com/unicode-canonical-property-names-ecmascript/-/unicode-canonical-property-names-ecmascript-1.0.4.tgz#2619800c4c825800efdd8343af7dd9933cbe2818"
    integrity sha512-jDrNnXWHd4oHiTZnx/ZG7gtUTVp+gCcTTKr8L0HjlwphROEW3+Him+IpvC+xcJEFegapiMZyZe02CyuOnRmbnQ==
  
  unicode-match-property-ecmascript@^1.0.4:
    version "1.0.4"
    resolved "https://registry.yarnpkg.com/unicode-match-property-ecmascript/-/unicode-match-property-ecmascript-1.0.4.tgz#8ed2a32569961bce9227d09cd3ffbb8fed5f020c"
    integrity sha512-L4Qoh15vTfntsn4P1zqnHulG0LdXgjSO035fEpdtp6YxXhMT51Q6vgM5lYdG/5X3MjS+k/Y9Xw4SFCY9IkR0rg==
    dependencies:
      unicode-canonical-property-names-ecmascript "^1.0.4"
      unicode-property-aliases-ecmascript "^1.0.4"
  
  unicode-match-property-value-ecmascript@^1.0.2:
    version "1.0.2"
    resolved "https://registry.yarnpkg.com/unicode-match-property-value-ecmascript/-/unicode-match-property-value-ecmascript-1.0.2.tgz#9f1dc76926d6ccf452310564fd834ace059663d4"
    integrity sha512-Rx7yODZC1L/T8XKo/2kNzVAQaRE88AaMvI1EF/Xnj3GW2wzN6fop9DDWuFAKUVFH7vozkz26DzP0qyWLKLIVPQ==
  
  unicode-property-aliases-ecmascript@^1.0.4:
    version "1.0.4"
    resolved "https://registry.yarnpkg.com/unicode-property-aliases-ecmascript/-/unicode-property-aliases-ecmascript-1.0.4.tgz#5a533f31b4317ea76f17d807fa0d116546111dd0"
    integrity sha512-2WSLa6OdYd2ng8oqiGIWnJqyFArvhn+5vgx5GTxMbUYjCYKUcuKS62YLFF0R/BDGlB1yzXjQOLtPAfHsgirEpg==
  
  util@^0.10.3:
    version "0.10.4"
    resolved "https://registry.yarnpkg.com/util/-/util-0.10.4.tgz#3aa0125bfe668a4672de58857d3ace27ecb76901"
    integrity sha512-0Pm9hTQ3se5ll1XihRic3FDIku70C+iHUdT/W926rSgHV5QgXsYbKZN8MSC3tJtSkhuROzvsQjAaFENRXr+19A==
    dependencies:
      inherits "2.0.3"
  
  warning@2.x:
    version "2.1.0"
    resolved "https://registry.yarnpkg.com/warning/-/warning-2.1.0.tgz#21220d9c63afc77a8c92111e011af705ce0c6901"
    integrity sha1-ISINnGOvx3qMkhEeARr3Bc4MaQE=
    dependencies:
      loose-envify "^1.0.0"
  
  warning@^3.0.0:
    version "3.0.0"
    resolved "https://registry.yarnpkg.com/warning/-/warning-3.0.0.tgz#32e5377cb572de4ab04753bdf8821c01ed605b7c"
    integrity sha1-MuU3fLVy3kqwR1O9+IIcAe1gW3w=
    dependencies:
      loose-envify "^1.0.0"
  
  warning@^4.0.1, warning@^4.0.2, warning@^4.0.3, warning@~4.0.2:
    version "4.0.3"
    resolved "https://registry.yarnpkg.com/warning/-/warning-4.0.3.tgz#16e9e077eb8a86d6af7d64aa1e05fd85b4678ca3"
    integrity sha512-rpJyN222KWIvHJ/F53XSZv0Zl/accqHR8et1kpaMTD/fLCRxtV8iX8czMzY7sVZupTI3zcUTg8eycS2kNF9l6w==
    dependencies:
      loose-envify "^1.0.0"
  
  whatwg-fetch@>=0.10.0:
    version "3.0.0"
    resolved "https://registry.yarnpkg.com/whatwg-fetch/-/whatwg-fetch-3.0.0.tgz#fc804e458cc460009b1a2b966bc8817d2578aefb"
    integrity sha512-9GSJUgz1D4MfyKU7KRqwOjXCXTqWdFNvEr7eUBYchQiVc744mqK/MzXPNR2WsPkmkOa4ywfg8C2n8h+13Bey1Q==
